#
# There is insufficient memory for the Java Runtime Environment to continue.
# Native memory allocation (mmap) failed to map 442499072 bytes for G1 virtual space
# Possible reasons:
#   The system is out of physical RAM or swap space
#   The process is running with CompressedOops enabled, and the Java Heap may be blocking the growth of the native heap
# Possible solutions:
#   Reduce memory load on the system
#   Increase physical memory or swap space
#   Check if swap backing store is full
#   Decrease Java heap size (-Xmx/-Xms)
#   Decrease number of Java threads
#   Decrease Java thread stack sizes (-Xss)
#   Set larger code cache with -XX:ReservedCodeCacheSize=
#   JVM is running with Unscaled Compressed Oops mode in which the Java heap is
#     placed in the first 4GB address space. The Java Heap base address is the
#     maximum limit for the native heap growth. Please use -XX:HeapBaseMinAddress
#     to set the Java Heap base and to place the Java Heap above 4GB virtual address.
# This output file may be truncated or incomplete.
#
#  Out of Memory Error (os_windows.cpp:3548), pid=956, tid=10440
#
# JRE version: Java(TM) SE Runtime Environment (17.0.12+8) (build 17.0.12+8-LTS-286)
# Java VM: Java HotSpot(TM) 64-Bit Server VM (17.0.12+8-LTS-286, mixed mode, sharing, tiered, compressed oops, compressed class ptrs, g1 gc, windows-amd64)
# No core dump will be written. Minidumps are not enabled by default on client versions of Windows
#

---------------  S U M M A R Y ------------

Command Line: -XX:MaxMetaspaceSize=512m --add-opens=java.base/java.util=ALL-UNNAMED --add-opens=java.base/java.lang=ALL-UNNAMED --add-opens=java.base/java.lang.invoke=ALL-UNNAMED --add-opens=java.prefs/java.util.prefs=ALL-UNNAMED --add-exports=jdk.compiler/com.sun.tools.javac.api=ALL-UNNAMED --add-exports=jdk.compiler/com.sun.tools.javac.util=ALL-UNNAMED --add-opens=java.base/java.nio.charset=ALL-UNNAMED --add-opens=java.base/java.net=ALL-UNNAMED --add-opens=java.base/java.util.concurrent.atomic=ALL-UNNAMED -Xmx2048m -Dfile.encoding=utf8 -Duser.country=CO -Duser.language=es -Duser.variant -javaagent:C:\Users\ardil\.gradle\wrapper\dists\gradle-8.10.2-all\7iv73wktx1xtkvlq19urqw1wm\gradle-8.10.2\lib\agents\gradle-instrumentation-agent-8.10.2.jar org.gradle.launcher.daemon.bootstrap.GradleDaemon 8.10.2

Host: Intel(R) Pentium(R) Gold 7505 @ 2.00GHz, 4 cores, 7G,  Windows 11 , 64 bit Build 22621 (10.0.22621.5124)
Time: Wed Apr 16 20:31:21 2025 Hora est. Pacífico, Sudamérica elapsed time: 6812.204951 seconds (0d 1h 53m 32s)

---------------  T H R E A D  ---------------

Current thread (0x0000014a694e36c0):  VMThread "VM Thread" [stack: 0x0000001953700000,0x0000001953800000] [id=10440]

Stack: [0x0000001953700000,0x0000001953800000]
Native frames: (J=compiled Java code, j=interpreted, Vv=VM code, C=native code)
V  [jvm.dll+0x67a04a]
V  [jvm.dll+0x7da4ed]
V  [jvm.dll+0x7dbe33]
V  [jvm.dll+0x7dc4a3]
V  [jvm.dll+0x24508f]
V  [jvm.dll+0x677089]
V  [jvm.dll+0x66bd32]
V  [jvm.dll+0x301fa6]
V  [jvm.dll+0x309546]
V  [jvm.dll+0x359d2e]
V  [jvm.dll+0x359f5f]
V  [jvm.dll+0x2d9078]
V  [jvm.dll+0x2d74ad]
V  [jvm.dll+0x2d6afc]
V  [jvm.dll+0x31a981]
V  [jvm.dll+0x7e0d9b]
V  [jvm.dll+0x7e1ad4]
V  [jvm.dll+0x7e1fed]
V  [jvm.dll+0x7e23c4]
V  [jvm.dll+0x7e2490]
V  [jvm.dll+0x78abea]
V  [jvm.dll+0x678f35]
C  [ucrtbase.dll+0x29333]
C  [KERNEL32.DLL+0x1259d]
C  [ntdll.dll+0x5af38]

VM_Operation (0x0000001954bf8658): G1TryInitiateConcMark, mode: safepoint, requested by thread 0x0000014a69a5d640


---------------  P R O C E S S  ---------------

Threads class SMR info:
_java_thread_list=0x0000014a72954260, length=76, elements={
0x0000014a4bb965f0, 0x0000014a694e9170, 0x0000014a694e9d30, 0x0000014a694fd8c0,
0x0000014a694fe380, 0x0000014a69502160, 0x0000014a69508060, 0x0000014a695056c0,
0x0000014a69506170, 0x0000014a6954ba30, 0x0000014a6972ec20, 0x0000014a6980a1f0,
0x0000014a6f72b5e0, 0x0000014a6f72b0d0, 0x0000014a6f72a1a0, 0x0000014a6f729780,
0x0000014a6f729c90, 0x0000014a69a59470, 0x0000014a69a5ef90, 0x0000014a69a5f9b0,
0x0000014a69a5db50, 0x0000014a69a5c710, 0x0000014a69a5cc20, 0x0000014a69a5f4a0,
0x0000014a69a5ea80, 0x0000014a7163b4c0, 0x0000014a69a58a50, 0x0000014a69a5d640,
0x0000014a69972a00, 0x0000014a69973930, 0x0000014a699710b0, 0x0000014a69978a30,
0x0000014a6ea06b60, 0x0000014a6ea01550, 0x0000014a6ea042e0, 0x0000014a70480320,
0x0000014a7163a590, 0x0000014a7163a080, 0x0000014a7163afb0, 0x0000014a7163b9d0,
0x0000014a7163d830, 0x0000014a7163ce10, 0x0000014a7163c3f0, 0x0000014a7163c900,
0x0000014a6ea02ea0, 0x0000014a6ea05210, 0x0000014a6ea07a90, 0x0000014a6ea01f70,
0x0000014a6ea07fa0, 0x0000014a6ea01040, 0x0000014a6ea07070, 0x0000014a6ea02990,
0x0000014a6ea089c0, 0x0000014a6ea03dd0, 0x0000014a6ea01a60, 0x0000014a6ea047f0,
0x0000014a6ea06140, 0x0000014a6ea084b0, 0x0000014a6ea02480, 0x0000014a6ea033b0,
0x0000014a6ea05c30, 0x0000014a69972f10, 0x0000014a69971fe0, 0x0000014a69973420,
0x0000014a699761b0, 0x0000014a699770e0, 0x0000014a69973e40, 0x0000014a699724f0,
0x0000014a69974860, 0x0000014a69974d70, 0x0000014a69975280, 0x0000014a69975ca0,
0x0000014a699766c0, 0x0000014a69976bd0, 0x0000014a69978010, 0x0000014a69978520
}

Java Threads: ( => current thread )
  0x0000014a4bb965f0 JavaThread "main" [_thread_blocked, id=11156, stack(0x0000001953100000,0x0000001953200000)]
  0x0000014a694e9170 JavaThread "Reference Handler" daemon [_thread_blocked, id=11812, stack(0x0000001953800000,0x0000001953900000)]
  0x0000014a694e9d30 JavaThread "Finalizer" daemon [_thread_blocked, id=7248, stack(0x0000001953900000,0x0000001953a00000)]
  0x0000014a694fd8c0 JavaThread "Signal Dispatcher" daemon [_thread_blocked, id=3244, stack(0x0000001953a00000,0x0000001953b00000)]
  0x0000014a694fe380 JavaThread "Attach Listener" daemon [_thread_blocked, id=17020, stack(0x0000001953b00000,0x0000001953c00000)]
  0x0000014a69502160 JavaThread "Service Thread" daemon [_thread_blocked, id=10176, stack(0x0000001953c00000,0x0000001953d00000)]
  0x0000014a69508060 JavaThread "Monitor Deflation Thread" daemon [_thread_blocked, id=11504, stack(0x0000001953d00000,0x0000001953e00000)]
  0x0000014a695056c0 JavaThread "C2 CompilerThread0" daemon [_thread_blocked, id=21196, stack(0x0000001953e00000,0x0000001953f00000)]
  0x0000014a69506170 JavaThread "C1 CompilerThread0" daemon [_thread_blocked, id=14940, stack(0x0000001953f00000,0x0000001954000000)]
  0x0000014a6954ba30 JavaThread "Sweeper thread" daemon [_thread_blocked, id=23472, stack(0x0000001954000000,0x0000001954100000)]
  0x0000014a6972ec20 JavaThread "Common-Cleaner" daemon [_thread_blocked, id=21892, stack(0x0000001954100000,0x0000001954200000)]
  0x0000014a6980a1f0 JavaThread "Notification Thread" daemon [_thread_blocked, id=18412, stack(0x0000001954200000,0x0000001954300000)]
  0x0000014a6f72b5e0 JavaThread "Daemon health stats" [_thread_blocked, id=21496, stack(0x0000001954800000,0x0000001954900000)]
  0x0000014a6f72b0d0 JavaThread "Incoming local TCP Connector on port 38251" [_thread_in_native, id=12380, stack(0x0000001954900000,0x0000001954a00000)]
  0x0000014a6f72a1a0 JavaThread "Daemon periodic checks" [_thread_blocked, id=7288, stack(0x0000001954a00000,0x0000001954b00000)]
  0x0000014a6f729780 JavaThread "Cache worker for journal cache (C:\Users\ardil\.gradle\caches\journal-1)" [_thread_blocked, id=10784, stack(0x0000001955200000,0x0000001955300000)]
  0x0000014a6f729c90 JavaThread "File lock request listener" [_thread_in_native, id=3168, stack(0x0000001955300000,0x0000001955400000)]
  0x0000014a69a59470 JavaThread "Cache worker for file hash cache (C:\Users\ardil\.gradle\caches\8.10.2\fileHashes)" [_thread_blocked, id=16640, stack(0x0000001955400000,0x0000001955500000)]
  0x0000014a69a5ef90 JavaThread "File watcher server" daemon [_thread_in_native, id=3556, stack(0x0000001955700000,0x0000001955800000)]
  0x0000014a69a5f9b0 JavaThread "File watcher consumer" daemon [_thread_blocked, id=14852, stack(0x0000001955800000,0x0000001955900000)]
  0x0000014a69a5db50 JavaThread "jar transforms" [_thread_blocked, id=19168, stack(0x0000001955900000,0x0000001955a00000)]
  0x0000014a69a5c710 JavaThread "jar transforms Thread 2" [_thread_blocked, id=18408, stack(0x0000001955a00000,0x0000001955b00000)]
  0x0000014a69a5cc20 JavaThread "jar transforms Thread 3" [_thread_blocked, id=22312, stack(0x0000001955b00000,0x0000001955c00000)]
  0x0000014a69a5f4a0 JavaThread "Cache worker for file content cache (C:\Users\ardil\.gradle\caches\8.10.2\fileContent)" [_thread_blocked, id=20004, stack(0x0000001955e00000,0x0000001955f00000)]
  0x0000014a69a5ea80 JavaThread "jar transforms Thread 4" [_thread_blocked, id=1736, stack(0x0000001956100000,0x0000001956200000)]
  0x0000014a7163b4c0 JavaThread "Memory manager" [_thread_blocked, id=16028, stack(0x0000001957200000,0x0000001957300000)]
  0x0000014a69a58a50 JavaThread "Daemon Thread 2" [_thread_blocked, id=11752, stack(0x0000001952e00000,0x0000001952f00000)]
  0x0000014a69a5d640 JavaThread "Daemon worker Thread 2" [_thread_blocked, id=20728, stack(0x0000001954b00000,0x0000001954c00000)]
  0x0000014a69972a00 JavaThread "ForkJoinPool.commonPool-worker-4" daemon [_thread_blocked, id=10248, stack(0x0000001956c00000,0x0000001956d00000)]
  0x0000014a69973930 JavaThread "ForkJoinPool.commonPool-worker-5" daemon [_thread_blocked, id=18176, stack(0x0000001956d00000,0x0000001956e00000)]
  0x0000014a699710b0 JavaThread "ForkJoinPool.commonPool-worker-6" daemon [_thread_blocked, id=14688, stack(0x0000001956e00000,0x0000001956f00000)]
  0x0000014a69978a30 JavaThread "included builds" [_thread_blocked, id=16328, stack(0x0000001956f00000,0x0000001957000000)]
  0x0000014a6ea06b60 JavaThread "Exec process Thread 4" [_thread_blocked, id=18672, stack(0x0000001958100000,0x0000001958200000)]
  0x0000014a6ea01550 JavaThread "Exec process Thread 5" [_thread_blocked, id=15832, stack(0x0000001958200000,0x0000001958300000)]
  0x0000014a6ea042e0 JavaThread "Exec process Thread 6" [_thread_blocked, id=1556, stack(0x0000001958300000,0x0000001958400000)]
  0x0000014a70480320 JavaThread "included builds Thread 2" [_thread_blocked, id=14204, stack(0x0000001958c00000,0x0000001958d00000)]
  0x0000014a7163a590 JavaThread "VFS cleanup Thread 2" [_thread_blocked, id=13888, stack(0x0000001954c00000,0x0000001954d00000)]
  0x0000014a7163a080 JavaThread "Handler for socket connection from /127.0.0.1:38251 to /127.0.0.1:40891" [_thread_in_native, id=11204, stack(0x0000001952f00000,0x0000001953000000)]
  0x0000014a7163afb0 JavaThread "Cancel handler" [_thread_blocked, id=15172, stack(0x0000001953000000,0x0000001953100000)]
  0x0000014a7163b9d0 JavaThread "Asynchronous log dispatcher for DefaultDaemonConnection: socket connection from /127.0.0.1:38251 to /127.0.0.1:40891" [_thread_blocked, id=11320, stack(0x0000001954d00000,0x0000001954e00000)]
  0x0000014a7163d830 JavaThread "Stdin handler" [_thread_blocked, id=404, stack(0x0000001954e00000,0x0000001954f00000)]
  0x0000014a7163ce10 JavaThread "Daemon client event forwarder" [_thread_blocked, id=13208, stack(0x0000001954f00000,0x0000001955000000)]
  0x0000014a7163c3f0 JavaThread "Cache worker for file hash cache (C:\Users\ardil\OneDrive\Escritorio\tutoriales de paginas en youtube\reac-native\project_2\Vida_Fit-movil\android\.gradle\8.10.2\fileHashes)" [_thread_blocked, id=20096, stack(0x0000001955000000,0x0000001955100000)]
  0x0000014a7163c900 JavaThread "Cache worker for Build Output Cleanup Cache (C:\Users\ardil\OneDrive\Escritorio\tutoriales de paginas en youtube\reac-native\project_2\Vida_Fit-movil\android\.gradle\buildOutputCleanup)" [_thread_blocked, id=13628, stack(0x0000001955100000,0x0000001955200000)]
  0x0000014a6ea02ea0 JavaThread "Cache worker for checksums cache (C:\Users\ardil\OneDrive\Escritorio\tutoriales de paginas en youtube\reac-native\project_2\Vida_Fit-movil\android\.gradle\8.10.2\checksums)" [_thread_blocked, id=14308, stack(0x0000001955500000,0x0000001955600000)]
  0x0000014a6ea05210 JavaThread "Cache worker for cache directory md-rule (C:\Users\ardil\.gradle\caches\8.10.2\md-rule)" [_thread_blocked, id=2932, stack(0x0000001955600000,0x0000001955700000)]
  0x0000014a6ea07a90 JavaThread "Cache worker for cache directory md-supplier (C:\Users\ardil\.gradle\caches\8.10.2\md-supplier)" [_thread_blocked, id=15568, stack(0x0000001955d00000,0x0000001955e00000)]
  0x0000014a6ea01f70 JavaThread "Cache worker for Build Output Cleanup Cache (C:\Users\ardil\OneDrive\Escritorio\tutoriales de paginas en youtube\reac-native\project_2\Vida_Fit-movil\node_modules\@react-native\gradle-plugin\.gradle\buildOutputCleanup)" [_thread_blocked, id=16888, stack(0x0000001956000000,0x0000001956100000)]
  0x0000014a6ea07fa0 JavaThread "Unconstrained build operations" [_thread_blocked, id=21536, stack(0x0000001956200000,0x0000001956300000)]
  0x0000014a6ea01040 JavaThread "Unconstrained build operations Thread 2" [_thread_blocked, id=12812, stack(0x0000001956300000,0x0000001956400000)]
  0x0000014a6ea07070 JavaThread "Unconstrained build operations Thread 3" [_thread_blocked, id=6240, stack(0x0000001956400000,0x0000001956500000)]
  0x0000014a6ea02990 JavaThread "Unconstrained build operations Thread 4" [_thread_blocked, id=13244, stack(0x0000001956500000,0x0000001956600000)]
  0x0000014a6ea089c0 JavaThread "Unconstrained build operations Thread 5" [_thread_blocked, id=13240, stack(0x0000001956600000,0x0000001956700000)]
  0x0000014a6ea03dd0 JavaThread "Unconstrained build operations Thread 6" [_thread_blocked, id=12592, stack(0x0000001956700000,0x0000001956800000)]
  0x0000014a6ea01a60 JavaThread "Unconstrained build operations Thread 7" [_thread_blocked, id=1640, stack(0x0000001956800000,0x0000001956900000)]
  0x0000014a6ea047f0 JavaThread "Unconstrained build operations Thread 8" [_thread_blocked, id=22464, stack(0x0000001956900000,0x0000001956a00000)]
  0x0000014a6ea06140 JavaThread "Unconstrained build operations Thread 9" [_thread_blocked, id=22264, stack(0x0000001956a00000,0x0000001956b00000)]
  0x0000014a6ea084b0 JavaThread "Unconstrained build operations Thread 10" [_thread_blocked, id=1672, stack(0x0000001956b00000,0x0000001956c00000)]
  0x0000014a6ea02480 JavaThread "build event listener" [_thread_blocked, id=19532, stack(0x0000001957000000,0x0000001957100000)]
  0x0000014a6ea033b0 JavaThread "included builds" [_thread_blocked, id=17492, stack(0x0000001957100000,0x0000001957200000)]
  0x0000014a6ea05c30 JavaThread "Execution worker" [_thread_blocked, id=3488, stack(0x0000001957300000,0x0000001957400000)]
  0x0000014a69972f10 JavaThread "Execution worker Thread 2" [_thread_blocked, id=23012, stack(0x0000001957400000,0x0000001957500000)]
  0x0000014a69971fe0 JavaThread "Execution worker Thread 3" [_thread_blocked, id=3400, stack(0x0000001957500000,0x0000001957600000)]
  0x0000014a69973420 JavaThread "Cache worker for execution history cache (C:\Users\ardil\OneDrive\Escritorio\tutoriales de paginas en youtube\reac-native\project_2\Vida_Fit-movil\node_modules\@react-native\gradle-plugin\.gradle\8.10.2\executionHistory)" [_thread_blocked, id=16116, stack(0x0000001957600000,0x0000001957700000)]
  0x0000014a699761b0 JavaThread "Unconstrained build operations Thread 11" [_thread_blocked, id=13068, stack(0x0000001957700000,0x0000001957800000)]
  0x0000014a699770e0 JavaThread "Unconstrained build operations Thread 12" [_thread_blocked, id=9620, stack(0x0000001957800000,0x0000001957900000)]
  0x0000014a69973e40 JavaThread "Unconstrained build operations Thread 13" [_thread_blocked, id=22424, stack(0x0000001957900000,0x0000001957a00000)]
  0x0000014a699724f0 JavaThread "Unconstrained build operations Thread 14" [_thread_blocked, id=10520, stack(0x0000001957a00000,0x0000001957b00000)]
  0x0000014a69974860 JavaThread "Unconstrained build operations Thread 15" [_thread_blocked, id=13364, stack(0x0000001957b00000,0x0000001957c00000)]
  0x0000014a69974d70 JavaThread "Unconstrained build operations Thread 16" [_thread_blocked, id=3764, stack(0x0000001957c00000,0x0000001957d00000)]
  0x0000014a69975280 JavaThread "Unconstrained build operations Thread 17" [_thread_blocked, id=21208, stack(0x0000001957d00000,0x0000001957e00000)]
  0x0000014a69975ca0 JavaThread "Unconstrained build operations Thread 18" [_thread_blocked, id=21096, stack(0x0000001957e00000,0x0000001957f00000)]
  0x0000014a699766c0 JavaThread "Unconstrained build operations Thread 19" [_thread_blocked, id=5568, stack(0x0000001957f00000,0x0000001958000000)]
  0x0000014a69976bd0 JavaThread "Unconstrained build operations Thread 20" [_thread_blocked, id=4656, stack(0x0000001958000000,0x0000001958100000)]
  0x0000014a69978010 JavaThread "Unconstrained build operations Thread 21" [_thread_blocked, id=3108, stack(0x0000001958400000,0x0000001958500000)]
  0x0000014a69978520 JavaThread "Unconstrained build operations Thread 22" [_thread_blocked, id=3568, stack(0x0000001958500000,0x0000001958600000)]

Other Threads:
=>0x0000014a694e36c0 VMThread "VM Thread" [stack: 0x0000001953700000,0x0000001953800000] [id=10440]
  0x0000014a698312e0 WatcherThread [stack: 0x0000001954300000,0x0000001954400000] [id=9876]
  0x0000014a4bbf2fb0 GCTaskThread "GC Thread#0" [stack: 0x0000001953200000,0x0000001953300000] [id=18300]
  0x0000014a6994ff80 GCTaskThread "GC Thread#1" [stack: 0x0000001954400000,0x0000001954500000] [id=20912]
  0x0000014a699f5970 GCTaskThread "GC Thread#2" [stack: 0x0000001954500000,0x0000001954600000] [id=2504]
  0x0000014a6e41ce80 GCTaskThread "GC Thread#3" [stack: 0x0000001954600000,0x0000001954700000] [id=15756]
  0x0000014a4bc03f00 ConcurrentGCThread "G1 Main Marker" [stack: 0x0000001953300000,0x0000001953400000] [id=22892]
  0x0000014a4bc050b0 ConcurrentGCThread "G1 Conc#0" [stack: 0x0000001953400000,0x0000001953500000] [id=2352]
  0x0000014a693a00a0 ConcurrentGCThread "G1 Refine#0" [stack: 0x0000001953500000,0x0000001953600000] [id=16492]
  0x0000014a6e80fd20 ConcurrentGCThread "G1 Refine#1" [stack: 0x0000001954700000,0x0000001954800000] [id=11528]
  0x0000014a69a6af70 ConcurrentGCThread "G1 Refine#2" [stack: 0x0000001955c00000,0x0000001955d00000] [id=16088]
  0x0000014a693a0ad0 ConcurrentGCThread "G1 Service" [stack: 0x0000001953600000,0x0000001953700000] [id=10276]

Threads with active compile tasks:
C2 CompilerThread0  6812260 19043       4       org.gradle.internal.snapshot.impl.HashCodeSnapshot::appendToHasher (14 bytes)

VM state: at safepoint (normal execution)

VM Mutex/Monitor currently owned by a thread:  ([mutex/lock_event])
[0x0000014a4bb920d0] Threads_lock - owner thread: 0x0000014a694e36c0
[0x0000014a4bb92a60] Heap_lock - owner thread: 0x0000014a69a5d640

Heap address: 0x0000000080000000, size: 2048 MB, Compressed Oops mode: 32-bit

CDS archive(s) mapped at: [0x0000014a00000000-0x0000014a00bd0000-0x0000014a00bd0000), size 12386304, SharedBaseAddress: 0x0000014a00000000, ArchiveRelocationMode: 1.
Compressed class space mapped at: 0x0000014a01000000-0x0000014a1b000000, reserved size: 436207616
Narrow klass base: 0x0000014a00000000, Narrow klass shift: 0, Narrow klass range: 0x100000000

GC Precious Log:
 CPUs: 4 total, 4 available
 Memory: 7886M
 Large Page Support: Disabled
 NUMA Support: Disabled
 Compressed Oops: Enabled (32-bit)
 Heap Region Size: 1M
 Heap Min Capacity: 8M
 Heap Initial Capacity: 124M
 Heap Max Capacity: 2G
 Pre-touch: Disabled
 Parallel Workers: 4
 Concurrent Workers: 1
 Concurrent Refinement Workers: 4
 Periodic GC: Disabled

Heap:
 garbage-first heap   total 249856K, used 136246K [0x0000000080000000, 0x0000000100000000)
  region size 1024K, 6 young (6144K), 6 survivors (6144K)
 Metaspace       used 109581K, committed 111040K, reserved 557056K
  class space    used 15130K, committed 15872K, reserved 425984K

Heap Regions: E=young(eden), S=young(survivor), O=old, HS=humongous(starts), HC=humongous(continues), CS=collection set, F=free, OA=open archive, CA=closed archive, TAMS=top-at-mark-start (previous, next)
|   0|0x0000000080000000, 0x0000000080100000, 0x0000000080100000|100%|HS|  |TAMS 0x0000000080100000, 0x0000000080100000| Complete 
|   1|0x0000000080100000, 0x0000000080200000, 0x0000000080200000|100%|HC|  |TAMS 0x0000000080200000, 0x0000000080200000| Complete 
|   2|0x0000000080200000, 0x0000000080300000, 0x0000000080300000|100%|HC|  |TAMS 0x0000000080300000, 0x0000000080300000| Complete 
|   3|0x0000000080300000, 0x0000000080400000, 0x0000000080400000|100%|HC|  |TAMS 0x0000000080400000, 0x0000000080400000| Complete 
|   4|0x0000000080400000, 0x0000000080500000, 0x0000000080500000|100%| O|  |TAMS 0x0000000080500000, 0x0000000080500000| Untracked 
|   5|0x0000000080500000, 0x0000000080600000, 0x0000000080600000|100%| O|  |TAMS 0x0000000080600000, 0x0000000080600000| Untracked 
|   6|0x0000000080600000, 0x0000000080700000, 0x0000000080700000|100%| O|  |TAMS 0x0000000080700000, 0x0000000080700000| Untracked 
|   7|0x0000000080700000, 0x0000000080800000, 0x0000000080800000|100%| O|  |TAMS 0x0000000080800000, 0x0000000080800000| Untracked 
|   8|0x0000000080800000, 0x0000000080900000, 0x0000000080900000|100%|HS|  |TAMS 0x0000000080900000, 0x0000000080900000| Complete 
|   9|0x0000000080900000, 0x0000000080a00000, 0x0000000080a00000|100%| O|  |TAMS 0x0000000080a00000, 0x0000000080a00000| Untracked 
|  10|0x0000000080a00000, 0x0000000080b00000, 0x0000000080b00000|100%| O|  |TAMS 0x0000000080b00000, 0x0000000080b00000| Untracked 
|  11|0x0000000080b00000, 0x0000000080c00000, 0x0000000080c00000|100%| O|  |TAMS 0x0000000080c00000, 0x0000000080c00000| Untracked 
|  12|0x0000000080c00000, 0x0000000080d00000, 0x0000000080d00000|100%| O|  |TAMS 0x0000000080d00000, 0x0000000080d00000| Untracked 
|  13|0x0000000080d00000, 0x0000000080e00000, 0x0000000080e00000|100%| O|  |TAMS 0x0000000080e00000, 0x0000000080e00000| Untracked 
|  14|0x0000000080e00000, 0x0000000080f00000, 0x0000000080f00000|100%| O|  |TAMS 0x0000000080f00000, 0x0000000080f00000| Untracked 
|  15|0x0000000080f00000, 0x0000000081000000, 0x0000000081000000|100%| O|  |TAMS 0x0000000081000000, 0x0000000081000000| Untracked 
|  16|0x0000000081000000, 0x0000000081100000, 0x0000000081100000|100%| O|  |TAMS 0x0000000081100000, 0x0000000081100000| Untracked 
|  17|0x0000000081100000, 0x0000000081200000, 0x0000000081200000|100%| O|  |TAMS 0x0000000081200000, 0x0000000081200000| Untracked 
|  18|0x0000000081200000, 0x0000000081300000, 0x0000000081300000|100%| O|  |TAMS 0x0000000081300000, 0x0000000081300000| Untracked 
|  19|0x0000000081300000, 0x0000000081400000, 0x0000000081400000|100%| O|  |TAMS 0x0000000081400000, 0x0000000081400000| Untracked 
|  20|0x0000000081400000, 0x0000000081500000, 0x0000000081500000|100%| O|  |TAMS 0x0000000081500000, 0x0000000081500000| Untracked 
|  21|0x0000000081500000, 0x0000000081600000, 0x0000000081600000|100%| O|  |TAMS 0x0000000081600000, 0x0000000081600000| Untracked 
|  22|0x0000000081600000, 0x0000000081700000, 0x0000000081700000|100%| O|  |TAMS 0x0000000081700000, 0x0000000081700000| Untracked 
|  23|0x0000000081700000, 0x0000000081800000, 0x0000000081800000|100%| O|  |TAMS 0x0000000081800000, 0x0000000081800000| Untracked 
|  24|0x0000000081800000, 0x0000000081900000, 0x0000000081900000|100%| O|  |TAMS 0x0000000081900000, 0x0000000081900000| Untracked 
|  25|0x0000000081900000, 0x0000000081a00000, 0x0000000081a00000|100%| O|  |TAMS 0x0000000081a00000, 0x0000000081a00000| Untracked 
|  26|0x0000000081a00000, 0x0000000081b00000, 0x0000000081b00000|100%| O|  |TAMS 0x0000000081b00000, 0x0000000081b00000| Untracked 
|  27|0x0000000081b00000, 0x0000000081c00000, 0x0000000081c00000|100%| O|  |TAMS 0x0000000081c00000, 0x0000000081c00000| Untracked 
|  28|0x0000000081c00000, 0x0000000081d00000, 0x0000000081d00000|100%| O|  |TAMS 0x0000000081d00000, 0x0000000081d00000| Untracked 
|  29|0x0000000081d00000, 0x0000000081e00000, 0x0000000081e00000|100%| O|  |TAMS 0x0000000081e00000, 0x0000000081e00000| Untracked 
|  30|0x0000000081e00000, 0x0000000081f00000, 0x0000000081f00000|100%| O|  |TAMS 0x0000000081f00000, 0x0000000081f00000| Untracked 
|  31|0x0000000081f00000, 0x0000000082000000, 0x0000000082000000|100%| O|  |TAMS 0x0000000082000000, 0x0000000082000000| Untracked 
|  32|0x0000000082000000, 0x0000000082100000, 0x0000000082100000|100%| O|  |TAMS 0x0000000082100000, 0x0000000082100000| Untracked 
|  33|0x0000000082100000, 0x0000000082200000, 0x0000000082200000|100%| O|  |TAMS 0x0000000082200000, 0x0000000082200000| Untracked 
|  34|0x0000000082200000, 0x0000000082300000, 0x0000000082300000|100%| O|  |TAMS 0x0000000082300000, 0x0000000082300000| Untracked 
|  35|0x0000000082300000, 0x0000000082400000, 0x0000000082400000|100%| O|  |TAMS 0x0000000082400000, 0x0000000082400000| Untracked 
|  36|0x0000000082400000, 0x0000000082500000, 0x0000000082500000|100%| O|  |TAMS 0x0000000082500000, 0x0000000082500000| Untracked 
|  37|0x0000000082500000, 0x0000000082600000, 0x0000000082600000|100%| O|  |TAMS 0x0000000082600000, 0x0000000082600000| Untracked 
|  38|0x0000000082600000, 0x0000000082700000, 0x0000000082700000|100%| O|  |TAMS 0x0000000082700000, 0x0000000082700000| Untracked 
|  39|0x0000000082700000, 0x0000000082800000, 0x0000000082800000|100%| O|  |TAMS 0x0000000082800000, 0x0000000082800000| Untracked 
|  40|0x0000000082800000, 0x0000000082900000, 0x0000000082900000|100%|HS|  |TAMS 0x0000000082900000, 0x0000000082900000| Complete 
|  41|0x0000000082900000, 0x0000000082a00000, 0x0000000082a00000|100%|HC|  |TAMS 0x0000000082a00000, 0x0000000082a00000| Complete 
|  42|0x0000000082a00000, 0x0000000082b00000, 0x0000000082b00000|100%|HS|  |TAMS 0x0000000082b00000, 0x0000000082b00000| Complete 
|  43|0x0000000082b00000, 0x0000000082c00000, 0x0000000082c00000|100%|HC|  |TAMS 0x0000000082c00000, 0x0000000082c00000| Complete 
|  44|0x0000000082c00000, 0x0000000082d00000, 0x0000000082d00000|100%| O|  |TAMS 0x0000000082d00000, 0x0000000082d00000| Untracked 
|  45|0x0000000082d00000, 0x0000000082e00000, 0x0000000082e00000|100%| O|  |TAMS 0x0000000082e00000, 0x0000000082e00000| Untracked 
|  46|0x0000000082e00000, 0x0000000082e00000, 0x0000000082f00000|  0%| F|  |TAMS 0x0000000082e00000, 0x0000000082e00000| Untracked 
|  47|0x0000000082f00000, 0x0000000083000000, 0x0000000083000000|100%| O|  |TAMS 0x0000000082f00000, 0x0000000083000000| Untracked 
|  48|0x0000000083000000, 0x0000000083100000, 0x0000000083100000|100%|HS|  |TAMS 0x0000000083100000, 0x0000000083100000| Complete 
|  49|0x0000000083100000, 0x0000000083200000, 0x0000000083200000|100%|HC|  |TAMS 0x0000000083200000, 0x0000000083200000| Complete 
|  50|0x0000000083200000, 0x0000000083300000, 0x0000000083300000|100%|HC|  |TAMS 0x0000000083300000, 0x0000000083300000| Complete 
|  51|0x0000000083300000, 0x0000000083400000, 0x0000000083400000|100%|HC|  |TAMS 0x0000000083400000, 0x0000000083400000| Complete 
|  52|0x0000000083400000, 0x0000000083500000, 0x0000000083500000|100%|HS|  |TAMS 0x0000000083500000, 0x0000000083500000| Complete 
|  53|0x0000000083500000, 0x0000000083600000, 0x0000000083600000|100%|HC|  |TAMS 0x0000000083600000, 0x0000000083600000| Complete 
|  54|0x0000000083600000, 0x0000000083700000, 0x0000000083700000|100%|HC|  |TAMS 0x0000000083700000, 0x0000000083700000| Complete 
|  55|0x0000000083700000, 0x0000000083800000, 0x0000000083800000|100%|HC|  |TAMS 0x0000000083800000, 0x0000000083800000| Complete 
|  56|0x0000000083800000, 0x0000000083900000, 0x0000000083900000|100%| O|  |TAMS 0x0000000083900000, 0x0000000083900000| Untracked 
|  57|0x0000000083900000, 0x0000000083a00000, 0x0000000083a00000|100%| O|  |TAMS 0x0000000083a00000, 0x0000000083a00000| Untracked 
|  58|0x0000000083a00000, 0x0000000083a00000, 0x0000000083b00000|  0%| F|  |TAMS 0x0000000083a00000, 0x0000000083a00000| Untracked 
|  59|0x0000000083b00000, 0x0000000083c00000, 0x0000000083c00000|100%| O|  |TAMS 0x0000000083c00000, 0x0000000083c00000| Untracked 
|  60|0x0000000083c00000, 0x0000000083d00000, 0x0000000083d00000|100%| O|  |TAMS 0x0000000083d00000, 0x0000000083d00000| Untracked 
|  61|0x0000000083d00000, 0x0000000083e00000, 0x0000000083e00000|100%| O|  |TAMS 0x0000000083e00000, 0x0000000083e00000| Untracked 
|  62|0x0000000083e00000, 0x0000000083f00000, 0x0000000083f00000|100%| O|  |TAMS 0x0000000083f00000, 0x0000000083f00000| Untracked 
|  63|0x0000000083f00000, 0x0000000084000000, 0x0000000084000000|100%| O|  |TAMS 0x0000000084000000, 0x0000000084000000| Untracked 
|  64|0x0000000084000000, 0x0000000084100000, 0x0000000084100000|100%| O|  |TAMS 0x0000000084100000, 0x0000000084100000| Untracked 
|  65|0x0000000084100000, 0x0000000084200000, 0x0000000084200000|100%| O|  |TAMS 0x0000000084200000, 0x0000000084200000| Untracked 
|  66|0x0000000084200000, 0x0000000084300000, 0x0000000084300000|100%| O|  |TAMS 0x0000000084300000, 0x0000000084300000| Untracked 
|  67|0x0000000084300000, 0x0000000084400000, 0x0000000084400000|100%| O|  |TAMS 0x0000000084400000, 0x0000000084400000| Untracked 
|  68|0x0000000084400000, 0x0000000084500000, 0x0000000084500000|100%| O|  |TAMS 0x0000000084400000, 0x0000000084500000| Untracked 
|  69|0x0000000084500000, 0x0000000084600000, 0x0000000084600000|100%| O|  |TAMS 0x0000000084600000, 0x0000000084600000| Untracked 
|  70|0x0000000084600000, 0x0000000084700000, 0x0000000084700000|100%| O|  |TAMS 0x0000000084700000, 0x0000000084700000| Untracked 
|  71|0x0000000084700000, 0x0000000084800000, 0x0000000084800000|100%| O|  |TAMS 0x0000000084800000, 0x0000000084800000| Untracked 
|  72|0x0000000084800000, 0x0000000084900000, 0x0000000084900000|100%| O|  |TAMS 0x0000000084900000, 0x0000000084900000| Untracked 
|  73|0x0000000084900000, 0x0000000084a00000, 0x0000000084a00000|100%| O|  |TAMS 0x0000000084a00000, 0x0000000084a00000| Untracked 
|  74|0x0000000084a00000, 0x0000000084b00000, 0x0000000084b00000|100%| O|  |TAMS 0x0000000084b00000, 0x0000000084b00000| Untracked 
|  75|0x0000000084b00000, 0x0000000084c00000, 0x0000000084c00000|100%| O|  |TAMS 0x0000000084c00000, 0x0000000084c00000| Untracked 
|  76|0x0000000084c00000, 0x0000000084d00000, 0x0000000084d00000|100%| O|  |TAMS 0x0000000084d00000, 0x0000000084d00000| Untracked 
|  77|0x0000000084d00000, 0x0000000084e00000, 0x0000000084e00000|100%| O|  |TAMS 0x0000000084e00000, 0x0000000084e00000| Untracked 
|  78|0x0000000084e00000, 0x0000000084f00000, 0x0000000084f00000|100%| O|  |TAMS 0x0000000084f00000, 0x0000000084f00000| Untracked 
|  79|0x0000000084f00000, 0x0000000085000000, 0x0000000085000000|100%| O|  |TAMS 0x0000000085000000, 0x0000000085000000| Untracked 
|  80|0x0000000085000000, 0x0000000085100000, 0x0000000085100000|100%| O|  |TAMS 0x0000000085100000, 0x0000000085100000| Untracked 
|  81|0x0000000085100000, 0x0000000085200000, 0x0000000085200000|100%| O|  |TAMS 0x0000000085200000, 0x0000000085200000| Untracked 
|  82|0x0000000085200000, 0x0000000085300000, 0x0000000085300000|100%| O|  |TAMS 0x0000000085300000, 0x0000000085300000| Untracked 
|  83|0x0000000085300000, 0x0000000085400000, 0x0000000085400000|100%| O|  |TAMS 0x0000000085400000, 0x0000000085400000| Untracked 
|  84|0x0000000085400000, 0x0000000085500000, 0x0000000085500000|100%| O|  |TAMS 0x0000000085500000, 0x0000000085500000| Untracked 
|  85|0x0000000085500000, 0x0000000085600000, 0x0000000085600000|100%| O|  |TAMS 0x0000000085600000, 0x0000000085600000| Untracked 
|  86|0x0000000085600000, 0x0000000085700000, 0x0000000085700000|100%| O|  |TAMS 0x0000000085700000, 0x0000000085700000| Untracked 
|  87|0x0000000085700000, 0x0000000085800000, 0x0000000085800000|100%| O|  |TAMS 0x0000000085700000, 0x0000000085800000| Untracked 
|  88|0x0000000085800000, 0x0000000085900000, 0x0000000085900000|100%| O|  |TAMS 0x0000000085900000, 0x0000000085900000| Untracked 
|  89|0x0000000085900000, 0x0000000085a00000, 0x0000000085a00000|100%| O|  |TAMS 0x0000000085a00000, 0x0000000085a00000| Untracked 
|  90|0x0000000085a00000, 0x0000000085b00000, 0x0000000085b00000|100%|HS|  |TAMS 0x0000000085b00000, 0x0000000085b00000| Complete 
|  91|0x0000000085b00000, 0x0000000085c00000, 0x0000000085c00000|100%|HS|  |TAMS 0x0000000085c00000, 0x0000000085c00000| Complete 
|  92|0x0000000085c00000, 0x0000000085d00000, 0x0000000085d00000|100%|HS|  |TAMS 0x0000000085d00000, 0x0000000085d00000| Complete 
|  93|0x0000000085d00000, 0x0000000085e00000, 0x0000000085e00000|100%|HS|  |TAMS 0x0000000085e00000, 0x0000000085e00000| Complete 
|  94|0x0000000085e00000, 0x0000000085f00000, 0x0000000085f00000|100%|HS|  |TAMS 0x0000000085f00000, 0x0000000085f00000| Complete 
|  95|0x0000000085f00000, 0x0000000086000000, 0x0000000086000000|100%|HS|  |TAMS 0x0000000086000000, 0x0000000086000000| Complete 
|  96|0x0000000086000000, 0x0000000086100000, 0x0000000086100000|100%| O|  |TAMS 0x0000000086100000, 0x0000000086100000| Untracked 
|  97|0x0000000086100000, 0x0000000086200000, 0x0000000086200000|100%| O|  |TAMS 0x0000000086200000, 0x0000000086200000| Untracked 
|  98|0x0000000086200000, 0x0000000086300000, 0x0000000086300000|100%| O|  |TAMS 0x0000000086300000, 0x0000000086300000| Untracked 
|  99|0x0000000086300000, 0x0000000086400000, 0x0000000086400000|100%| O|  |TAMS 0x0000000086400000, 0x0000000086400000| Untracked 
| 100|0x0000000086400000, 0x0000000086500000, 0x0000000086500000|100%| O|  |TAMS 0x0000000086500000, 0x0000000086500000| Untracked 
| 101|0x0000000086500000, 0x0000000086600000, 0x0000000086600000|100%| O|  |TAMS 0x0000000086600000, 0x0000000086600000| Untracked 
| 102|0x0000000086600000, 0x0000000086700000, 0x0000000086700000|100%| O|  |TAMS 0x0000000086700000, 0x0000000086700000| Untracked 
| 103|0x0000000086700000, 0x0000000086700000, 0x0000000086800000|  0%| F|  |TAMS 0x0000000086700000, 0x0000000086700000| Untracked 
| 104|0x0000000086800000, 0x0000000086900000, 0x0000000086900000|100%| O|  |TAMS 0x0000000086900000, 0x0000000086900000| Untracked 
| 105|0x0000000086900000, 0x0000000086a00000, 0x0000000086a00000|100%| O|  |TAMS 0x0000000086a00000, 0x0000000086a00000| Untracked 
| 106|0x0000000086a00000, 0x0000000086b00000, 0x0000000086b00000|100%| O|  |TAMS 0x0000000086a79400, 0x0000000086b00000| Untracked 
| 107|0x0000000086b00000, 0x0000000086c00000, 0x0000000086c00000|100%| O|  |TAMS 0x0000000086b00000, 0x0000000086c00000| Untracked 
| 108|0x0000000086c00000, 0x0000000086d00000, 0x0000000086d00000|100%|HS|  |TAMS 0x0000000086d00000, 0x0000000086d00000| Complete 
| 109|0x0000000086d00000, 0x0000000086e00000, 0x0000000086e00000|100%| O|  |TAMS 0x0000000086d00000, 0x0000000086e00000| Untracked 
| 110|0x0000000086e00000, 0x0000000086f00000, 0x0000000086f00000|100%|HS|  |TAMS 0x0000000086f00000, 0x0000000086f00000| Complete 
| 111|0x0000000086f00000, 0x0000000087000000, 0x0000000087000000|100%|HC|  |TAMS 0x0000000087000000, 0x0000000087000000| Complete 
| 112|0x0000000087000000, 0x0000000087100000, 0x0000000087100000|100%| O|  |TAMS 0x0000000087000000, 0x0000000087100000| Untracked 
| 113|0x0000000087100000, 0x0000000087200000, 0x0000000087200000|100%| O|  |TAMS 0x0000000087100000, 0x0000000087200000| Untracked 
| 114|0x0000000087200000, 0x0000000087300000, 0x0000000087300000|100%| O|  |TAMS 0x0000000087200000, 0x0000000087300000| Untracked 
| 115|0x0000000087300000, 0x0000000087400000, 0x0000000087400000|100%| O|  |TAMS 0x0000000087300000, 0x0000000087400000| Untracked 
| 116|0x0000000087400000, 0x0000000087500000, 0x0000000087500000|100%| O|  |TAMS 0x0000000087400000, 0x0000000087500000| Untracked 
| 117|0x0000000087500000, 0x000000008755e000, 0x0000000087600000| 36%| O|  |TAMS 0x0000000087500000, 0x000000008755e000| Untracked 
| 118|0x0000000087600000, 0x0000000087600000, 0x0000000087700000|  0%| F|  |TAMS 0x0000000087600000, 0x0000000087600000| Untracked 
| 119|0x0000000087700000, 0x0000000087700000, 0x0000000087800000|  0%| F|  |TAMS 0x0000000087700000, 0x0000000087700000| Untracked 
| 120|0x0000000087800000, 0x0000000087900000, 0x0000000087900000|100%| O|  |TAMS 0x0000000087900000, 0x0000000087900000| Untracked 
| 121|0x0000000087900000, 0x0000000087900000, 0x0000000087a00000|  0%| F|  |TAMS 0x0000000087900000, 0x0000000087900000| Untracked 
| 122|0x0000000087a00000, 0x0000000087a00000, 0x0000000087b00000|  0%| F|  |TAMS 0x0000000087a00000, 0x0000000087a00000| Untracked 
| 123|0x0000000087b00000, 0x0000000087c00000, 0x0000000087c00000|100%| O|  |TAMS 0x0000000087c00000, 0x0000000087c00000| Untracked 
| 124|0x0000000087c00000, 0x0000000087d00000, 0x0000000087d00000|100%| O|  |TAMS 0x0000000087d00000, 0x0000000087d00000| Untracked 
| 125|0x0000000087d00000, 0x0000000087d00000, 0x0000000087e00000|  0%| F|  |TAMS 0x0000000087d00000, 0x0000000087d00000| Untracked 
| 126|0x0000000087e00000, 0x0000000087e00000, 0x0000000087f00000|  0%| F|  |TAMS 0x0000000087e00000, 0x0000000087e00000| Untracked 
| 127|0x0000000087f00000, 0x0000000087f00000, 0x0000000088000000|  0%| F|  |TAMS 0x0000000087f00000, 0x0000000087f00000| Untracked 
| 128|0x0000000088000000, 0x0000000088000000, 0x0000000088100000|  0%| F|  |TAMS 0x0000000088000000, 0x0000000088000000| Untracked 
| 129|0x0000000088100000, 0x0000000088100000, 0x0000000088200000|  0%| F|  |TAMS 0x0000000088100000, 0x0000000088100000| Untracked 
| 130|0x0000000088200000, 0x0000000088200000, 0x0000000088300000|  0%| F|  |TAMS 0x0000000088200000, 0x0000000088200000| Untracked 
| 131|0x0000000088300000, 0x0000000088300000, 0x0000000088400000|  0%| F|  |TAMS 0x0000000088300000, 0x0000000088300000| Untracked 
| 132|0x0000000088400000, 0x0000000088400000, 0x0000000088500000|  0%| F|  |TAMS 0x0000000088400000, 0x0000000088400000| Untracked 
| 133|0x0000000088500000, 0x0000000088500000, 0x0000000088600000|  0%| F|  |TAMS 0x0000000088500000, 0x0000000088500000| Untracked 
| 134|0x0000000088600000, 0x0000000088600000, 0x0000000088700000|  0%| F|  |TAMS 0x0000000088600000, 0x0000000088600000| Untracked 
| 135|0x0000000088700000, 0x0000000088700000, 0x0000000088800000|  0%| F|  |TAMS 0x0000000088700000, 0x0000000088700000| Untracked 
| 136|0x0000000088800000, 0x0000000088800000, 0x0000000088900000|  0%| F|  |TAMS 0x0000000088800000, 0x0000000088800000| Untracked 
| 137|0x0000000088900000, 0x0000000088900000, 0x0000000088a00000|  0%| F|  |TAMS 0x0000000088900000, 0x0000000088900000| Untracked 
| 138|0x0000000088a00000, 0x0000000088a00000, 0x0000000088b00000|  0%| F|  |TAMS 0x0000000088a00000, 0x0000000088a00000| Untracked 
| 139|0x0000000088b00000, 0x0000000088b00000, 0x0000000088c00000|  0%| F|  |TAMS 0x0000000088b00000, 0x0000000088b00000| Untracked 
| 140|0x0000000088c00000, 0x0000000088c00000, 0x0000000088d00000|  0%| F|  |TAMS 0x0000000088c00000, 0x0000000088c00000| Untracked 
| 141|0x0000000088d00000, 0x0000000088d00000, 0x0000000088e00000|  0%| F|  |TAMS 0x0000000088d00000, 0x0000000088d00000| Untracked 
| 142|0x0000000088e00000, 0x0000000088e00000, 0x0000000088f00000|  0%| F|  |TAMS 0x0000000088e00000, 0x0000000088e00000| Untracked 
| 143|0x0000000088f00000, 0x0000000088f00000, 0x0000000089000000|  0%| F|  |TAMS 0x0000000088f00000, 0x0000000088f00000| Untracked 
| 144|0x0000000089000000, 0x0000000089100000, 0x0000000089100000|100%| O|  |TAMS 0x0000000089100000, 0x0000000089100000| Untracked 
| 145|0x0000000089100000, 0x0000000089200000, 0x0000000089200000|100%| O|  |TAMS 0x0000000089200000, 0x0000000089200000| Untracked 
| 146|0x0000000089200000, 0x0000000089300000, 0x0000000089300000|100%| O|  |TAMS 0x0000000089300000, 0x0000000089300000| Untracked 
| 147|0x0000000089300000, 0x0000000089300000, 0x0000000089400000|  0%| F|  |TAMS 0x0000000089300000, 0x0000000089300000| Untracked 
| 148|0x0000000089400000, 0x0000000089400000, 0x0000000089500000|  0%| F|  |TAMS 0x0000000089400000, 0x0000000089400000| Untracked 
| 149|0x0000000089500000, 0x0000000089600000, 0x0000000089600000|100%| O|  |TAMS 0x0000000089600000, 0x0000000089600000| Untracked 
| 150|0x0000000089600000, 0x0000000089700000, 0x0000000089700000|100%| O|  |TAMS 0x0000000089700000, 0x0000000089700000| Untracked 
| 151|0x0000000089700000, 0x0000000089800000, 0x0000000089800000|100%| O|  |TAMS 0x0000000089800000, 0x0000000089800000| Untracked 
| 152|0x0000000089800000, 0x0000000089900000, 0x0000000089900000|100%| O|  |TAMS 0x0000000089900000, 0x0000000089900000| Untracked 
| 153|0x0000000089900000, 0x0000000089a00000, 0x0000000089a00000|100%| O|  |TAMS 0x0000000089a00000, 0x0000000089a00000| Untracked 
| 154|0x0000000089a00000, 0x0000000089b00000, 0x0000000089b00000|100%| O|  |TAMS 0x0000000089b00000, 0x0000000089b00000| Untracked 
| 155|0x0000000089b00000, 0x0000000089c00000, 0x0000000089c00000|100%| O|  |TAMS 0x0000000089c00000, 0x0000000089c00000| Untracked 
| 156|0x0000000089c00000, 0x0000000089c00000, 0x0000000089d00000|  0%| F|  |TAMS 0x0000000089c00000, 0x0000000089c00000| Untracked 
| 157|0x0000000089d00000, 0x0000000089d00000, 0x0000000089e00000|  0%| F|  |TAMS 0x0000000089d00000, 0x0000000089d00000| Untracked 
| 158|0x0000000089e00000, 0x0000000089e00000, 0x0000000089f00000|  0%| F|  |TAMS 0x0000000089e00000, 0x0000000089e00000| Untracked 
| 159|0x0000000089f00000, 0x0000000089f00000, 0x000000008a000000|  0%| F|  |TAMS 0x0000000089f00000, 0x0000000089f00000| Untracked 
| 160|0x000000008a000000, 0x000000008a000000, 0x000000008a100000|  0%| F|  |TAMS 0x000000008a000000, 0x000000008a000000| Untracked 
| 161|0x000000008a100000, 0x000000008a100000, 0x000000008a200000|  0%| F|  |TAMS 0x000000008a100000, 0x000000008a100000| Untracked 
| 162|0x000000008a200000, 0x000000008a200000, 0x000000008a300000|  0%| F|  |TAMS 0x000000008a200000, 0x000000008a200000| Untracked 
| 163|0x000000008a300000, 0x000000008a300000, 0x000000008a400000|  0%| F|  |TAMS 0x000000008a300000, 0x000000008a300000| Untracked 
| 164|0x000000008a400000, 0x000000008a400000, 0x000000008a500000|  0%| F|  |TAMS 0x000000008a400000, 0x000000008a400000| Untracked 
| 165|0x000000008a500000, 0x000000008a500000, 0x000000008a600000|  0%| F|  |TAMS 0x000000008a500000, 0x000000008a500000| Untracked 
| 166|0x000000008a600000, 0x000000008a600000, 0x000000008a700000|  0%| F|  |TAMS 0x000000008a600000, 0x000000008a600000| Untracked 
| 167|0x000000008a700000, 0x000000008a700000, 0x000000008a800000|  0%| F|  |TAMS 0x000000008a700000, 0x000000008a700000| Untracked 
| 168|0x000000008a800000, 0x000000008a800000, 0x000000008a900000|  0%| F|  |TAMS 0x000000008a800000, 0x000000008a800000| Untracked 
| 169|0x000000008a900000, 0x000000008a900000, 0x000000008aa00000|  0%| F|  |TAMS 0x000000008a900000, 0x000000008a900000| Untracked 
| 170|0x000000008aa00000, 0x000000008aa00000, 0x000000008ab00000|  0%| F|  |TAMS 0x000000008aa00000, 0x000000008aa00000| Untracked 
| 171|0x000000008ab00000, 0x000000008ab00000, 0x000000008ac00000|  0%| F|  |TAMS 0x000000008ab00000, 0x000000008ab00000| Untracked 
| 172|0x000000008ac00000, 0x000000008ac00000, 0x000000008ad00000|  0%| F|  |TAMS 0x000000008ac00000, 0x000000008ac00000| Untracked 
| 173|0x000000008ad00000, 0x000000008ad00000, 0x000000008ae00000|  0%| F|  |TAMS 0x000000008ad00000, 0x000000008ad00000| Untracked 
| 174|0x000000008ae00000, 0x000000008ae00000, 0x000000008af00000|  0%| F|  |TAMS 0x000000008ae00000, 0x000000008ae00000| Untracked 
| 175|0x000000008af00000, 0x000000008afafa40, 0x000000008b000000| 68%| S|CS|TAMS 0x000000008af00000, 0x000000008af00000| Complete 
| 176|0x000000008b000000, 0x000000008b100000, 0x000000008b100000|100%| S|CS|TAMS 0x000000008b000000, 0x000000008b000000| Complete 
| 177|0x000000008b100000, 0x000000008b200000, 0x000000008b200000|100%| S|CS|TAMS 0x000000008b100000, 0x000000008b100000| Complete 
| 178|0x000000008b200000, 0x000000008b300000, 0x000000008b300000|100%| S|CS|TAMS 0x000000008b200000, 0x000000008b200000| Complete 
| 179|0x000000008b300000, 0x000000008b400000, 0x000000008b400000|100%| S|CS|TAMS 0x000000008b300000, 0x000000008b300000| Complete 
| 180|0x000000008b400000, 0x000000008b500000, 0x000000008b500000|100%| S|CS|TAMS 0x000000008b400000, 0x000000008b400000| Complete 
| 181|0x000000008b500000, 0x000000008b500000, 0x000000008b600000|  0%| F|  |TAMS 0x000000008b500000, 0x000000008b500000| Untracked 
| 182|0x000000008b600000, 0x000000008b600000, 0x000000008b700000|  0%| F|  |TAMS 0x000000008b600000, 0x000000008b600000| Untracked 
| 183|0x000000008b700000, 0x000000008b700000, 0x000000008b800000|  0%| F|  |TAMS 0x000000008b700000, 0x000000008b700000| Untracked 
| 184|0x000000008b800000, 0x000000008b800000, 0x000000008b900000|  0%| F|  |TAMS 0x000000008b800000, 0x000000008b800000| Untracked 
| 185|0x000000008b900000, 0x000000008b900000, 0x000000008ba00000|  0%| F|  |TAMS 0x000000008b900000, 0x000000008b900000| Untracked 
| 186|0x000000008ba00000, 0x000000008ba00000, 0x000000008bb00000|  0%| F|  |TAMS 0x000000008ba00000, 0x000000008ba00000| Untracked 
| 187|0x000000008bb00000, 0x000000008bb00000, 0x000000008bc00000|  0%| F|  |TAMS 0x000000008bb00000, 0x000000008bb00000| Untracked 
| 188|0x000000008bc00000, 0x000000008bc00000, 0x000000008bd00000|  0%| F|  |TAMS 0x000000008bc00000, 0x000000008bc00000| Untracked 
| 189|0x000000008bd00000, 0x000000008bd00000, 0x000000008be00000|  0%| F|  |TAMS 0x000000008bd00000, 0x000000008bd00000| Untracked 
| 190|0x000000008be00000, 0x000000008be00000, 0x000000008bf00000|  0%| F|  |TAMS 0x000000008be00000, 0x000000008be00000| Untracked 
| 191|0x000000008bf00000, 0x000000008bf00000, 0x000000008c000000|  0%| F|  |TAMS 0x000000008bf00000, 0x000000008bf00000| Untracked 
| 192|0x000000008c000000, 0x000000008c000000, 0x000000008c100000|  0%| F|  |TAMS 0x000000008c000000, 0x000000008c000000| Untracked 
| 193|0x000000008c100000, 0x000000008c100000, 0x000000008c200000|  0%| F|  |TAMS 0x000000008c100000, 0x000000008c100000| Untracked 
| 194|0x000000008c200000, 0x000000008c200000, 0x000000008c300000|  0%| F|  |TAMS 0x000000008c200000, 0x000000008c200000| Untracked 
| 195|0x000000008c300000, 0x000000008c300000, 0x000000008c400000|  0%| F|  |TAMS 0x000000008c300000, 0x000000008c300000| Untracked 
| 196|0x000000008c400000, 0x000000008c400000, 0x000000008c500000|  0%| F|  |TAMS 0x000000008c400000, 0x000000008c400000| Untracked 
| 197|0x000000008c500000, 0x000000008c500000, 0x000000008c600000|  0%| F|  |TAMS 0x000000008c500000, 0x000000008c500000| Untracked 
| 198|0x000000008c600000, 0x000000008c600000, 0x000000008c700000|  0%| F|  |TAMS 0x000000008c600000, 0x000000008c600000| Untracked 
| 199|0x000000008c700000, 0x000000008c700000, 0x000000008c800000|  0%| F|  |TAMS 0x000000008c700000, 0x000000008c700000| Untracked 
| 200|0x000000008c800000, 0x000000008c800000, 0x000000008c900000|  0%| F|  |TAMS 0x000000008c800000, 0x000000008c800000| Untracked 
| 201|0x000000008c900000, 0x000000008c900000, 0x000000008ca00000|  0%| F|  |TAMS 0x000000008c900000, 0x000000008c900000| Untracked 
| 202|0x000000008ca00000, 0x000000008ca00000, 0x000000008cb00000|  0%| F|  |TAMS 0x000000008ca00000, 0x000000008ca00000| Untracked 
| 203|0x000000008cb00000, 0x000000008cb00000, 0x000000008cc00000|  0%| F|  |TAMS 0x000000008cb00000, 0x000000008cb00000| Untracked 
| 204|0x000000008cc00000, 0x000000008cc00000, 0x000000008cd00000|  0%| F|  |TAMS 0x000000008cc00000, 0x000000008cc00000| Untracked 
| 205|0x000000008cd00000, 0x000000008cd00000, 0x000000008ce00000|  0%| F|  |TAMS 0x000000008cd00000, 0x000000008cd00000| Untracked 
| 206|0x000000008ce00000, 0x000000008ce00000, 0x000000008cf00000|  0%| F|  |TAMS 0x000000008ce00000, 0x000000008ce00000| Untracked 
| 207|0x000000008cf00000, 0x000000008cf00000, 0x000000008d000000|  0%| F|  |TAMS 0x000000008cf00000, 0x000000008cf00000| Untracked 
| 208|0x000000008d000000, 0x000000008d000000, 0x000000008d100000|  0%| F|  |TAMS 0x000000008d000000, 0x000000008d000000| Untracked 
| 209|0x000000008d100000, 0x000000008d100000, 0x000000008d200000|  0%| F|  |TAMS 0x000000008d100000, 0x000000008d100000| Untracked 
| 210|0x000000008d200000, 0x000000008d200000, 0x000000008d300000|  0%| F|  |TAMS 0x000000008d200000, 0x000000008d200000| Untracked 
| 211|0x000000008d300000, 0x000000008d300000, 0x000000008d400000|  0%| F|  |TAMS 0x000000008d300000, 0x000000008d300000| Untracked 
| 212|0x000000008d400000, 0x000000008d400000, 0x000000008d500000|  0%| F|  |TAMS 0x000000008d400000, 0x000000008d400000| Untracked 
| 213|0x000000008d500000, 0x000000008d500000, 0x000000008d600000|  0%| F|  |TAMS 0x000000008d500000, 0x000000008d500000| Untracked 
| 214|0x000000008d600000, 0x000000008d600000, 0x000000008d700000|  0%| F|  |TAMS 0x000000008d600000, 0x000000008d600000| Untracked 
| 215|0x000000008d700000, 0x000000008d700000, 0x000000008d800000|  0%| F|  |TAMS 0x000000008d700000, 0x000000008d700000| Untracked 
| 216|0x000000008d800000, 0x000000008d800000, 0x000000008d900000|  0%| F|  |TAMS 0x000000008d800000, 0x000000008d800000| Untracked 
| 217|0x000000008d900000, 0x000000008d900000, 0x000000008da00000|  0%| F|  |TAMS 0x000000008d900000, 0x000000008d900000| Untracked 
| 218|0x000000008da00000, 0x000000008da00000, 0x000000008db00000|  0%| F|  |TAMS 0x000000008da00000, 0x000000008da00000| Untracked 
| 219|0x000000008db00000, 0x000000008db00000, 0x000000008dc00000|  0%| F|  |TAMS 0x000000008db00000, 0x000000008db00000| Untracked 
| 220|0x000000008dc00000, 0x000000008dc00000, 0x000000008dd00000|  0%| F|  |TAMS 0x000000008dc00000, 0x000000008dc00000| Untracked 
| 221|0x000000008dd00000, 0x000000008dd00000, 0x000000008de00000|  0%| F|  |TAMS 0x000000008dd00000, 0x000000008dd00000| Untracked 
| 222|0x000000008de00000, 0x000000008de00000, 0x000000008df00000|  0%| F|  |TAMS 0x000000008de00000, 0x000000008de00000| Untracked 
| 223|0x000000008df00000, 0x000000008df00000, 0x000000008e000000|  0%| F|  |TAMS 0x000000008df00000, 0x000000008df00000| Untracked 
| 224|0x000000008e000000, 0x000000008e000000, 0x000000008e100000|  0%| F|  |TAMS 0x000000008e000000, 0x000000008e000000| Untracked 
| 225|0x000000008e100000, 0x000000008e100000, 0x000000008e200000|  0%| F|  |TAMS 0x000000008e100000, 0x000000008e100000| Untracked 
| 226|0x000000008e200000, 0x000000008e200000, 0x000000008e300000|  0%| F|  |TAMS 0x000000008e200000, 0x000000008e200000| Untracked 
| 227|0x000000008e300000, 0x000000008e300000, 0x000000008e400000|  0%| F|  |TAMS 0x000000008e300000, 0x000000008e300000| Untracked 
| 228|0x000000008e400000, 0x000000008e400000, 0x000000008e500000|  0%| F|  |TAMS 0x000000008e400000, 0x000000008e400000| Untracked 
| 229|0x000000008e500000, 0x000000008e500000, 0x000000008e600000|  0%| F|  |TAMS 0x000000008e500000, 0x000000008e500000| Untracked 
| 230|0x000000008e600000, 0x000000008e600000, 0x000000008e700000|  0%| F|  |TAMS 0x000000008e600000, 0x000000008e600000| Untracked 
| 231|0x000000008e700000, 0x000000008e700000, 0x000000008e800000|  0%| F|  |TAMS 0x000000008e700000, 0x000000008e700000| Untracked 
| 232|0x000000008e800000, 0x000000008e800000, 0x000000008e900000|  0%| F|  |TAMS 0x000000008e800000, 0x000000008e800000| Untracked 
| 233|0x000000008e900000, 0x000000008e900000, 0x000000008ea00000|  0%| F|  |TAMS 0x000000008e900000, 0x000000008e900000| Untracked 
| 234|0x000000008ea00000, 0x000000008ea00000, 0x000000008eb00000|  0%| F|  |TAMS 0x000000008ea00000, 0x000000008ea00000| Untracked 
| 235|0x000000008eb00000, 0x000000008eb00000, 0x000000008ec00000|  0%| F|  |TAMS 0x000000008eb00000, 0x000000008eb00000| Untracked 
| 236|0x000000008ec00000, 0x000000008ec00000, 0x000000008ed00000|  0%| F|  |TAMS 0x000000008ec00000, 0x000000008ec00000| Untracked 
| 237|0x000000008ed00000, 0x000000008ed00000, 0x000000008ee00000|  0%| F|  |TAMS 0x000000008ed00000, 0x000000008ed00000| Untracked 
| 238|0x000000008ee00000, 0x000000008ee00000, 0x000000008ef00000|  0%| F|  |TAMS 0x000000008ee00000, 0x000000008ee00000| Untracked 
| 239|0x000000008ef00000, 0x000000008ef00000, 0x000000008f000000|  0%| F|  |TAMS 0x000000008ef00000, 0x000000008ef00000| Untracked 
| 240|0x000000008f000000, 0x000000008f000000, 0x000000008f100000|  0%| F|  |TAMS 0x000000008f000000, 0x000000008f000000| Untracked 
| 241|0x000000008f100000, 0x000000008f100000, 0x000000008f200000|  0%| F|  |TAMS 0x000000008f100000, 0x000000008f100000| Untracked 
| 242|0x000000008f200000, 0x000000008f200000, 0x000000008f300000|  0%| F|  |TAMS 0x000000008f200000, 0x000000008f200000| Untracked 
| 243|0x000000008f300000, 0x000000008f300000, 0x000000008f400000|  0%| F|  |TAMS 0x000000008f300000, 0x000000008f300000| Untracked 

Card table byte_map: [0x0000014a62850000,0x0000014a62c50000] _byte_map_base: 0x0000014a62450000

Marking Bits (Prev, Next): (CMBitMap*) 0x0000014a4bbf3610, (CMBitMap*) 0x0000014a4bbf35d0
 Prev Bits: [0x0000014a65050000, 0x0000014a67050000)
 Next Bits: [0x0000014a63050000, 0x0000014a65050000)

Polling page: 0x0000014a4b360000

Metaspace:

Usage:
  Non-class:     92.24 MB used.
      Class:     14.78 MB used.
       Both:    107.01 MB used.

Virtual space:
  Non-class space:      128.00 MB reserved,      92.94 MB ( 73%) committed,  2 nodes.
      Class space:      416.00 MB reserved,      15.50 MB (  4%) committed,  1 nodes.
             Both:      544.00 MB reserved,     108.44 MB ( 20%) committed. 

Chunk freelists:
   Non-Class:  2.83 MB
       Class:  489.00 KB
        Both:  3.31 MB

MaxMetaspaceSize: 512.00 MB
CompressedClassSpaceSize: 416.00 MB
Initial GC threshold: 21.00 MB
Current GC threshold: 179.62 MB
CDS: on
MetaspaceReclaimPolicy: balanced
 - commit_granule_bytes: 65536.
 - commit_granule_words: 8192.
 - virtual_space_node_default_size: 8388608.
 - enlarge_chunks_in_place: 1.
 - new_chunks_are_fully_committed: 0.
 - uncommit_free_chunks: 1.
 - use_allocation_guard: 0.
 - handle_deallocations: 1.


Internal statistics:

num_allocs_failed_limit: 12.
num_arena_births: 2484.
num_arena_deaths: 488.
num_vsnodes_births: 3.
num_vsnodes_deaths: 0.
num_space_committed: 1735.
num_space_uncommitted: 0.
num_chunks_returned_to_freelist: 692.
num_chunks_taken_from_freelist: 7952.
num_chunk_merges: 209.
num_chunk_splits: 4597.
num_chunks_enlarged: 2579.
num_inconsistent_stats: 0.

CodeHeap 'non-profiled nmethods': size=120000Kb used=11394Kb max_used=11394Kb free=108605Kb
 bounds [0x0000014a5af20000, 0x0000014a5ba50000, 0x0000014a62450000]
CodeHeap 'profiled nmethods': size=120000Kb used=31282Kb max_used=31282Kb free=88718Kb
 bounds [0x0000014a53450000, 0x0000014a552e0000, 0x0000014a5a980000]
CodeHeap 'non-nmethods': size=5760Kb used=2462Kb max_used=2512Kb free=3297Kb
 bounds [0x0000014a5a980000, 0x0000014a5ac00000, 0x0000014a5af20000]
 total_blobs=16841 nmethods=15856 adapters=896
 compilation: enabled
              stopped_count=0, restarted_count=0
 full_count=0

Compilation events (20 events):
Event: 6812.100 Thread 0x0000014a695056c0 nmethod 19031 0x0000014a5ba3be90 code [0x0000014a5ba3c020, 0x0000014a5ba3c1d8]
Event: 6812.101 Thread 0x0000014a695056c0 19037       4       org.gradle.internal.component.external.model.AbstractConfigurationMetadata::getArtifactVariants (35 bytes)
Event: 6812.117 Thread 0x0000014a69506170 19038       3       org.gradle.composite.internal.CompositeProjectComponentArtifactMetadata::getId (2 bytes)
Event: 6812.117 Thread 0x0000014a69506170 nmethod 19038 0x0000014a552dc510 code [0x0000014a552dc6a0, 0x0000014a552dc7b8]
Event: 6812.127 Thread 0x0000014a69506170 19039       3       java.lang.ThreadLocal$ThreadLocalMap::<init> (53 bytes)
Event: 6812.127 Thread 0x0000014a69506170 nmethod 19039 0x0000014a552dc890 code [0x0000014a552dca80, 0x0000014a552dd168]
Event: 6812.140 Thread 0x0000014a695056c0 nmethod 19037 0x0000014a5ba3c390 code [0x0000014a5ba3c580, 0x0000014a5ba3d5f8]
Event: 6812.140 Thread 0x0000014a695056c0 19040       4       org.gradle.internal.hash.HashCode::toString (19 bytes)
Event: 6812.151 Thread 0x0000014a695056c0 nmethod 19040 0x0000014a5ba3de90 code [0x0000014a5ba3e060, 0x0000014a5ba3e798]
Event: 6812.151 Thread 0x0000014a695056c0 19041       4       org.gradle.api.internal.artifacts.DefaultResolvableArtifact::transformedTo (100 bytes)
Event: 6812.176 Thread 0x0000014a69506170 19044       3       org.gradle.internal.component.model.MultipleCandidateMatcher::<init> (116 bytes)
Event: 6812.177 Thread 0x0000014a69506170 nmethod 19044 0x0000014a552dd410 code [0x0000014a552dd680, 0x0000014a552de1f8]
Event: 6812.177 Thread 0x0000014a69506170 19045       3       org.gradle.internal.component.model.MultipleCandidateMatcher::getMatches (74 bytes)
Event: 6812.178 Thread 0x0000014a69506170 nmethod 19045 0x0000014a552de490 code [0x0000014a552de6c0, 0x0000014a552ded08]
Event: 6812.182 Thread 0x0000014a695056c0 nmethod 19041 0x0000014a5ba3ea90 code [0x0000014a5ba3ecc0, 0x0000014a5ba3fd10]
Event: 6812.183 Thread 0x0000014a695056c0 19042       4       org.gradle.internal.hash.HashCode$HashCode128::bytes (5 bytes)
Event: 6812.183 Thread 0x0000014a69506170 19046       1       org.gradle.groovy.scripts.internal.CrossBuildInMemoryCachingScriptClassCache$CachedCompiledScript::access$100 (5 bytes)
Event: 6812.184 Thread 0x0000014a69506170 nmethod 19046 0x0000014a5ba40410 code [0x0000014a5ba405a0, 0x0000014a5ba40658]
Event: 6812.184 Thread 0x0000014a695056c0 nmethod 19042 0x0000014a5ba40710 code [0x0000014a5ba408a0, 0x0000014a5ba40ab8]
Event: 6812.184 Thread 0x0000014a695056c0 19043       4       org.gradle.internal.snapshot.impl.HashCodeSnapshot::appendToHasher (14 bytes)

GC Heap History (20 events):
Event: 6782.857 GC heap after
{Heap after GC invocations=71 (full 0):
 garbage-first heap   total 249856K, used 140563K [0x0000000080000000, 0x0000000100000000)
  region size 1024K, 6 young (6144K), 6 survivors (6144K)
 Metaspace       used 106293K, committed 107712K, reserved 557056K
  class space    used 14787K, committed 15488K, reserved 425984K
}
Event: 6789.263 GC heap before
{Heap before GC invocations=72 (full 0):
 garbage-first heap   total 249856K, used 212243K [0x0000000080000000, 0x0000000100000000)
  region size 1024K, 76 young (77824K), 6 survivors (6144K)
 Metaspace       used 108156K, committed 109312K, reserved 557056K
  class space    used 14971K, committed 15552K, reserved 425984K
}
Event: 6789.292 GC heap after
{Heap after GC invocations=73 (full 0):
 garbage-first heap   total 249856K, used 146122K [0x0000000080000000, 0x0000000100000000)
  region size 1024K, 10 young (10240K), 10 survivors (10240K)
 Metaspace       used 108156K, committed 109312K, reserved 557056K
  class space    used 14971K, committed 15552K, reserved 425984K
}
Event: 6789.454 GC heap before
{Heap before GC invocations=73 (full 0):
 garbage-first heap   total 249856K, used 148170K [0x0000000080000000, 0x0000000100000000)
  region size 1024K, 12 young (12288K), 10 survivors (10240K)
 Metaspace       used 108190K, committed 109376K, reserved 557056K
  class space    used 14976K, committed 15552K, reserved 425984K
}
Event: 6789.614 GC heap after
{Heap after GC invocations=74 (full 0):
 garbage-first heap   total 249856K, used 135041K [0x0000000080000000, 0x0000000100000000)
  region size 1024K, 2 young (2048K), 2 survivors (2048K)
 Metaspace       used 108190K, committed 109376K, reserved 557056K
  class space    used 14976K, committed 15552K, reserved 425984K
}
Event: 6790.314 GC heap before
{Heap before GC invocations=74 (full 0):
 garbage-first heap   total 249856K, used 145281K [0x0000000080000000, 0x0000000100000000)
  region size 1024K, 12 young (12288K), 2 survivors (2048K)
 Metaspace       used 108385K, committed 109632K, reserved 557056K
  class space    used 15008K, committed 15616K, reserved 425984K
}
Event: 6790.339 GC heap after
{Heap after GC invocations=75 (full 0):
 garbage-first heap   total 249856K, used 132286K [0x0000000080000000, 0x0000000100000000)
  region size 1024K, 2 young (2048K), 2 survivors (2048K)
 Metaspace       used 108385K, committed 109632K, reserved 557056K
  class space    used 15008K, committed 15616K, reserved 425984K
}
Event: 6790.648 GC heap before
{Heap before GC invocations=75 (full 0):
 garbage-first heap   total 249856K, used 137406K [0x0000000080000000, 0x0000000100000000)
  region size 1024K, 8 young (8192K), 2 survivors (2048K)
 Metaspace       used 108390K, committed 109632K, reserved 557056K
  class space    used 15009K, committed 15616K, reserved 425984K
}
Event: 6790.653 GC heap after
{Heap after GC invocations=76 (full 0):
 garbage-first heap   total 249856K, used 132593K [0x0000000080000000, 0x0000000100000000)
  region size 1024K, 2 young (2048K), 2 survivors (2048K)
 Metaspace       used 108390K, committed 109632K, reserved 557056K
  class space    used 15009K, committed 15616K, reserved 425984K
}
Event: 6800.117 GC heap before
{Heap before GC invocations=77 (full 0):
 garbage-first heap   total 249856K, used 207345K [0x0000000080000000, 0x0000000100000000)
  region size 1024K, 76 young (77824K), 2 survivors (2048K)
 Metaspace       used 108754K, committed 110080K, reserved 557056K
  class space    used 15050K, committed 15680K, reserved 425984K
}
Event: 6800.138 GC heap after
{Heap after GC invocations=78 (full 0):
 garbage-first heap   total 249856K, used 138708K [0x0000000080000000, 0x0000000100000000)
  region size 1024K, 10 young (10240K), 10 survivors (10240K)
 Metaspace       used 108754K, committed 110080K, reserved 557056K
  class space    used 15050K, committed 15680K, reserved 425984K
}
Event: 6800.264 GC heap before
{Heap before GC invocations=78 (full 0):
 garbage-first heap   total 249856K, used 140756K [0x0000000080000000, 0x0000000100000000)
  region size 1024K, 12 young (12288K), 10 survivors (10240K)
 Metaspace       used 108790K, committed 110144K, reserved 557056K
  class space    used 15053K, committed 15744K, reserved 425984K
}
Event: 6800.339 GC heap after
{Heap after GC invocations=79 (full 0):
 garbage-first heap   total 249856K, used 125811K [0x0000000080000000, 0x0000000100000000)
  region size 1024K, 2 young (2048K), 2 survivors (2048K)
 Metaspace       used 108790K, committed 110144K, reserved 557056K
  class space    used 15053K, committed 15744K, reserved 425984K
}
Event: 6805.466 GC heap before
{Heap before GC invocations=79 (full 0):
 garbage-first heap   total 249856K, used 203635K [0x0000000080000000, 0x0000000100000000)
  region size 1024K, 78 young (79872K), 2 survivors (2048K)
 Metaspace       used 108936K, committed 110336K, reserved 557056K
  class space    used 15062K, committed 15744K, reserved 425984K
}
Event: 6805.475 GC heap after
{Heap after GC invocations=80 (full 0):
 garbage-first heap   total 249856K, used 128253K [0x0000000080000000, 0x0000000100000000)
  region size 1024K, 4 young (4096K), 4 survivors (4096K)
 Metaspace       used 108936K, committed 110336K, reserved 557056K
  class space    used 15062K, committed 15744K, reserved 425984K
}
Event: 6808.963 GC heap before
{Heap before GC invocations=81 (full 0):
 garbage-first heap   total 249856K, used 206077K [0x0000000080000000, 0x0000000100000000)
  region size 1024K, 80 young (81920K), 4 survivors (4096K)
 Metaspace       used 109322K, committed 110784K, reserved 557056K
  class space    used 15115K, committed 15808K, reserved 425984K
}
Event: 6808.983 GC heap after
{Heap after GC invocations=82 (full 0):
 garbage-first heap   total 249856K, used 132581K [0x0000000080000000, 0x0000000100000000)
  region size 1024K, 8 young (8192K), 8 survivors (8192K)
 Metaspace       used 109322K, committed 110784K, reserved 557056K
  class space    used 15115K, committed 15808K, reserved 425984K
}
Event: 6809.553 GC heap before
{Heap before GC invocations=82 (full 0):
 garbage-first heap   total 249856K, used 136677K [0x0000000080000000, 0x0000000100000000)
  region size 1024K, 12 young (12288K), 8 survivors (8192K)
 Metaspace       used 109337K, committed 110784K, reserved 557056K
  class space    used 15117K, committed 15808K, reserved 425984K
}
Event: 6809.603 GC heap after
{Heap after GC invocations=83 (full 0):
 garbage-first heap   total 249856K, used 132120K [0x0000000080000000, 0x0000000100000000)
  region size 1024K, 2 young (2048K), 2 survivors (2048K)
 Metaspace       used 109337K, committed 110784K, reserved 557056K
  class space    used 15117K, committed 15808K, reserved 425984K
}
Event: 6812.186 GC heap before
{Heap before GC invocations=83 (full 0):
 garbage-first heap   total 249856K, used 193560K [0x0000000080000000, 0x0000000100000000)
  region size 1024K, 63 young (64512K), 2 survivors (2048K)
 Metaspace       used 109581K, committed 111040K, reserved 557056K
  class space    used 15130K, committed 15872K, reserved 425984K
}

Deoptimization events (20 events):
Event: 6809.749 Thread 0x0000014a69a5d640 Uncommon trap: trap_request=0xffffffbe fr.pc=0x0000014a5b9e3f3c relative=0x00000000000011bc
Event: 6809.749 Thread 0x0000014a69a5d640 Uncommon trap: reason=profile_predicate action=maybe_recompile pc=0x0000014a5b9e3f3c method=org.gradle.internal.service.DefaultServiceRegistry$OwnServices.instanceRealized(Lorg/gradle/internal/service/DefaultServiceRegistry$ManagedObjectServiceProvider;Lj
Event: 6809.749 Thread 0x0000014a69a5d640 DEOPT PACKING pc=0x0000014a5b9e3f3c sp=0x0000001954bf8640
Event: 6809.749 Thread 0x0000014a69a5d640 DEOPT UNPACKING pc=0x0000014a5a9d5ba3 sp=0x0000001954bf84c0 mode 2
Event: 6809.763 Thread 0x0000014a69a5d640 Uncommon trap: trap_request=0xffffffdc fr.pc=0x0000014a5b9e6b64 relative=0x0000000000000244
Event: 6809.763 Thread 0x0000014a69a5d640 Uncommon trap: reason=class_check action=make_not_entrant pc=0x0000014a5b9e6b64 method=java.util.ArrayDeque.toArray(Ljava/lang/Class;)[Ljava/lang/Object; @ 45 c2
Event: 6809.763 Thread 0x0000014a69a5d640 DEOPT PACKING pc=0x0000014a5b9e6b64 sp=0x0000001954bf6d00
Event: 6809.763 Thread 0x0000014a69a5d640 DEOPT UNPACKING pc=0x0000014a5a9d5ba3 sp=0x0000001954bf6ca0 mode 2
Event: 6809.828 Thread 0x0000014a69a5d640 DEOPT PACKING pc=0x0000014a55079e32 sp=0x0000001954bf60e0
Event: 6809.828 Thread 0x0000014a69a5d640 DEOPT UNPACKING pc=0x0000014a5a9d66e3 sp=0x0000001954bf55f0 mode 0
Event: 6810.115 Thread 0x0000014a69a5d640 Uncommon trap: trap_request=0xffffff45 fr.pc=0x0000014a5b90fe58 relative=0x00000000000044f8
Event: 6810.115 Thread 0x0000014a69a5d640 Uncommon trap: reason=unstable_if action=reinterpret pc=0x0000014a5b90fe58 method=java.lang.reflect.Executable.printModifiersIfNonzero(Ljava/lang/StringBuilder;IZ)V @ 14 c2
Event: 6810.115 Thread 0x0000014a69a5d640 DEOPT PACKING pc=0x0000014a5b90fe58 sp=0x0000001954bf5bb0
Event: 6810.115 Thread 0x0000014a69a5d640 DEOPT UNPACKING pc=0x0000014a5a9d5ba3 sp=0x0000001954bf5b10 mode 2
Event: 6810.115 Thread 0x0000014a69a5d640 Uncommon trap: trap_request=0xffffff45 fr.pc=0x0000014a5b53e9d4 relative=0x00000000000048f4
Event: 6810.115 Thread 0x0000014a69a5d640 Uncommon trap: reason=unstable_if action=reinterpret pc=0x0000014a5b53e9d4 method=java.lang.reflect.Executable.printModifiersIfNonzero(Ljava/lang/StringBuilder;IZ)V @ 14 c2
Event: 6810.115 Thread 0x0000014a69a5d640 DEOPT PACKING pc=0x0000014a5b53e9d4 sp=0x0000001954bf5d50
Event: 6810.115 Thread 0x0000014a69a5d640 DEOPT UNPACKING pc=0x0000014a5a9d5ba3 sp=0x0000001954bf5c50 mode 2
Event: 6810.770 Thread 0x0000014a69a5d640 DEOPT PACKING pc=0x0000014a55079e32 sp=0x0000001954bf6d70
Event: 6810.770 Thread 0x0000014a69a5d640 DEOPT UNPACKING pc=0x0000014a5a9d66e3 sp=0x0000001954bf6280 mode 0

Classes unloaded (20 events):
Event: 6784.013 Thread 0x0000014a694e36c0 Unloading class 0x0000014a01038400 'java/lang/invoke/LambdaForm$DMH+0x0000014a01038400'
Event: 6784.013 Thread 0x0000014a694e36c0 Unloading class 0x0000014a0102e800 'java/lang/invoke/LambdaForm$MH+0x0000014a0102e800'
Event: 6784.013 Thread 0x0000014a694e36c0 Unloading class 0x0000014a0102e400 'java/lang/invoke/LambdaForm$MH+0x0000014a0102e400'
Event: 6784.013 Thread 0x0000014a694e36c0 Unloading class 0x0000014a0102c000 'java/lang/invoke/LambdaForm$MH+0x0000014a0102c000'
Event: 6790.889 Thread 0x0000014a694e36c0 Unloading class 0x0000014a01eb8800 'jdk/internal/reflect/GeneratedSerializationConstructorAccessor183'
Event: 6790.889 Thread 0x0000014a694e36c0 Unloading class 0x0000014a01eb8400 'jdk/internal/reflect/GeneratedSerializationConstructorAccessor182'
Event: 6790.889 Thread 0x0000014a694e36c0 Unloading class 0x0000014a01eb8000 'jdk/internal/reflect/GeneratedSerializationConstructorAccessor181'
Event: 6790.889 Thread 0x0000014a694e36c0 Unloading class 0x0000014a01eb7c00 'jdk/internal/reflect/GeneratedSerializationConstructorAccessor180'
Event: 6790.889 Thread 0x0000014a694e36c0 Unloading class 0x0000014a01eaa000 'jdk/internal/reflect/GeneratedMethodAccessor131'
Event: 6790.889 Thread 0x0000014a694e36c0 Unloading class 0x0000014a01aca000 'jdk/internal/reflect/GeneratedConstructorAccessor101'
Event: 6790.889 Thread 0x0000014a694e36c0 Unloading class 0x0000014a01ac9c00 'jdk/internal/reflect/GeneratedConstructorAccessor100'
Event: 6790.889 Thread 0x0000014a694e36c0 Unloading class 0x0000014a01abb000 'jdk/internal/reflect/GeneratedMethodAccessor59'
Event: 6790.889 Thread 0x0000014a694e36c0 Unloading class 0x0000014a01abac00 'jdk/internal/reflect/GeneratedMethodAccessor58'
Event: 6790.889 Thread 0x0000014a694e36c0 Unloading class 0x0000014a01aba000 'jdk/internal/reflect/GeneratedMethodAccessor55'
Event: 6790.889 Thread 0x0000014a694e36c0 Unloading class 0x0000014a01ab9800 'jdk/internal/reflect/GeneratedMethodAccessor53'
Event: 6790.889 Thread 0x0000014a694e36c0 Unloading class 0x0000014a01ab9000 'jdk/internal/reflect/GeneratedMethodAccessor52'
Event: 6790.889 Thread 0x0000014a694e36c0 Unloading class 0x0000014a01ab8800 'jdk/internal/reflect/GeneratedConstructorAccessor88'
Event: 6790.889 Thread 0x0000014a694e36c0 Unloading class 0x0000014a01ab8000 'jdk/internal/reflect/GeneratedConstructorAccessor87'
Event: 6790.889 Thread 0x0000014a694e36c0 Unloading class 0x0000014a01b85000 'org/gradle/api/Script$buildscript$0'
Event: 6790.889 Thread 0x0000014a694e36c0 Unloading class 0x0000014a01aa6000 'org/gradle/api/Script$apply'

Classes redefined (0 events):
No events

Internal exceptions (20 events):
Event: 6809.053 Thread 0x0000014a69a5d640 Exception <a 'sun/nio/fs/WindowsException'{0x000000008f3cb018}> (0x000000008f3cb018) 
thrown [s\open\src\hotspot\share\prims\jni.cpp, line 516]
Event: 6809.353 Thread 0x0000014a69a5d640 Exception <a 'sun/nio/fs/WindowsException'{0x000000008f289110}> (0x000000008f289110) 
thrown [s\open\src\hotspot\share\prims\jni.cpp, line 516]
Event: 6809.364 Thread 0x0000014a69a5d640 Exception <a 'sun/nio/fs/WindowsException'{0x000000008f28abc8}> (0x000000008f28abc8) 
thrown [s\open\src\hotspot\share\prims\jni.cpp, line 516]
Event: 6809.367 Thread 0x0000014a69a5d640 Exception <a 'sun/nio/fs/WindowsException'{0x000000008f28ee88}> (0x000000008f28ee88) 
thrown [s\open\src\hotspot\share\prims\jni.cpp, line 516]
Event: 6809.377 Thread 0x0000014a69a5d640 Exception <a 'sun/nio/fs/WindowsException'{0x000000008f290920}> (0x000000008f290920) 
thrown [s\open\src\hotspot\share\prims\jni.cpp, line 516]
Event: 6809.716 Thread 0x0000014a69a5d640 Exception <a 'sun/nio/fs/WindowsException'{0x000000008df99d28}> (0x000000008df99d28) 
thrown [s\open\src\hotspot\share\prims\jni.cpp, line 516]
Event: 6809.716 Thread 0x0000014a69a5d640 Exception <a 'sun/nio/fs/WindowsException'{0x000000008df9a198}> (0x000000008df9a198) 
thrown [s\open\src\hotspot\share\prims\jni.cpp, line 516]
Event: 6809.717 Thread 0x0000014a69a5d640 Exception <a 'sun/nio/fs/WindowsException'{0x000000008df9d4b8}> (0x000000008df9d4b8) 
thrown [s\open\src\hotspot\share\prims\jni.cpp, line 516]
Event: 6809.717 Thread 0x0000014a69a5d640 Exception <a 'sun/nio/fs/WindowsException'{0x000000008df9da18}> (0x000000008df9da18) 
thrown [s\open\src\hotspot\share\prims\jni.cpp, line 516]
Event: 6809.718 Thread 0x0000014a69a5d640 Exception <a 'sun/nio/fs/WindowsException'{0x000000008dfa2e08}> (0x000000008dfa2e08) 
thrown [s\open\src\hotspot\share\prims\jni.cpp, line 516]
Event: 6809.718 Thread 0x0000014a69a5d640 Exception <a 'sun/nio/fs/WindowsException'{0x000000008dfa3368}> (0x000000008dfa3368) 
thrown [s\open\src\hotspot\share\prims\jni.cpp, line 516]
Event: 6811.798 Thread 0x0000014a69972f10 Exception <a 'sun/nio/fs/WindowsException'{0x000000008be61c78}> (0x000000008be61c78) 
thrown [s\open\src\hotspot\share\prims\jni.cpp, line 516]
Event: 6811.799 Thread 0x0000014a69972f10 Exception <a 'sun/nio/fs/WindowsException'{0x000000008bb3f098}> (0x000000008bb3f098) 
thrown [s\open\src\hotspot\share\prims\jni.cpp, line 516]
Event: 6811.799 Thread 0x0000014a69972f10 Exception <a 'sun/nio/fs/WindowsException'{0x000000008bb41aa0}> (0x000000008bb41aa0) 
thrown [s\open\src\hotspot\share\prims\jni.cpp, line 516]
Event: 6811.799 Thread 0x0000014a69972f10 Exception <a 'sun/nio/fs/WindowsException'{0x000000008bb44060}> (0x000000008bb44060) 
thrown [s\open\src\hotspot\share\prims\jni.cpp, line 516]
Event: 6811.802 Thread 0x0000014a69972f10 Exception <a 'sun/nio/fs/WindowsException'{0x000000008bb4f118}> (0x000000008bb4f118) 
thrown [s\open\src\hotspot\share\prims\jni.cpp, line 516]
Event: 6811.985 Thread 0x0000014a69972f10 Exception <a 'sun/nio/fs/WindowsException'{0x000000008b9aa208}> (0x000000008b9aa208) 
thrown [s\open\src\hotspot\share\prims\jni.cpp, line 516]
Event: 6811.985 Thread 0x0000014a69972f10 Exception <a 'sun/nio/fs/WindowsException'{0x000000008b9d9ca0}> (0x000000008b9d9ca0) 
thrown [s\open\src\hotspot\share\prims\jni.cpp, line 516]
Event: 6811.985 Thread 0x0000014a69972f10 Exception <a 'sun/nio/fs/WindowsException'{0x000000008b9dc780}> (0x000000008b9dc780) 
thrown [s\open\src\hotspot\share\prims\jni.cpp, line 516]
Event: 6811.985 Thread 0x0000014a69972f10 Exception <a 'sun/nio/fs/WindowsException'{0x000000008b9dedc8}> (0x000000008b9dedc8) 
thrown [s\open\src\hotspot\share\prims\jni.cpp, line 516]

VM Operations (20 events):
Event: 6802.348 Executing VM operation: Cleanup done
Event: 6805.465 Executing VM operation: G1CollectForAllocation
Event: 6805.483 Executing VM operation: G1CollectForAllocation done
Event: 6805.784 Executing VM operation: G1Concurrent
Event: 6805.797 Executing VM operation: G1Concurrent done
Event: 6805.943 Executing VM operation: G1Concurrent
Event: 6805.945 Executing VM operation: G1Concurrent done
Event: 6806.955 Executing VM operation: Cleanup
Event: 6806.955 Executing VM operation: Cleanup done
Event: 6807.966 Executing VM operation: Cleanup
Event: 6807.966 Executing VM operation: Cleanup done
Event: 6808.963 Executing VM operation: G1CollectForAllocation
Event: 6808.983 Executing VM operation: G1CollectForAllocation done
Event: 6809.547 Executing VM operation: G1CollectForAllocation
Event: 6809.611 Executing VM operation: G1CollectForAllocation done
Event: 6810.621 Executing VM operation: Cleanup
Event: 6810.621 Executing VM operation: Cleanup done
Event: 6811.496 Executing VM operation: HandshakeAllThreads
Event: 6811.496 Executing VM operation: HandshakeAllThreads done
Event: 6812.186 Executing VM operation: G1TryInitiateConcMark

Events (20 events):
Event: 6809.978 Thread 0x0000014a6ea084b0 Thread added: 0x0000014a6ea084b0
Event: 6810.155 Thread 0x0000014a6ea02480 Thread added: 0x0000014a6ea02480
Event: 6811.498 Thread 0x0000014a6954ba30 flushing nmethod 0x0000014a5b363410
Event: 6811.538 Thread 0x0000014a6ea033b0 Thread added: 0x0000014a6ea033b0
Event: 6811.605 Thread 0x0000014a6ea05c30 Thread added: 0x0000014a6ea05c30
Event: 6811.608 Thread 0x0000014a69972f10 Thread added: 0x0000014a69972f10
Event: 6811.609 Thread 0x0000014a69971fe0 Thread added: 0x0000014a69971fe0
Event: 6811.614 Thread 0x0000014a69973420 Thread added: 0x0000014a69973420
Event: 6811.698 Thread 0x0000014a699761b0 Thread added: 0x0000014a699761b0
Event: 6811.699 Thread 0x0000014a699770e0 Thread added: 0x0000014a699770e0
Event: 6811.699 Thread 0x0000014a69973e40 Thread added: 0x0000014a69973e40
Event: 6811.726 Thread 0x0000014a699724f0 Thread added: 0x0000014a699724f0
Event: 6811.727 Thread 0x0000014a69974860 Thread added: 0x0000014a69974860
Event: 6811.912 Thread 0x0000014a69974d70 Thread added: 0x0000014a69974d70
Event: 6812.101 Thread 0x0000014a69975280 Thread added: 0x0000014a69975280
Event: 6812.101 Thread 0x0000014a69975ca0 Thread added: 0x0000014a69975ca0
Event: 6812.102 Thread 0x0000014a699766c0 Thread added: 0x0000014a699766c0
Event: 6812.144 Thread 0x0000014a69976bd0 Thread added: 0x0000014a69976bd0
Event: 6812.149 Thread 0x0000014a69978010 Thread added: 0x0000014a69978010
Event: 6812.150 Thread 0x0000014a69978520 Thread added: 0x0000014a69978520


Dynamic libraries:
0x00007ff7a70b0000 - 0x00007ff7a70c0000 	C:\Program Files\Java\jdk-17\bin\java.exe
0x00007fff311d0000 - 0x00007fff313e7000 	C:\WINDOWS\SYSTEM32\ntdll.dll
0x00007fff2fef0000 - 0x00007fff2ffb4000 	C:\WINDOWS\System32\KERNEL32.DLL
0x00007fff2e2e0000 - 0x00007fff2e6b3000 	C:\WINDOWS\System32\KERNELBASE.dll
0x00007fff2e6f0000 - 0x00007fff2e801000 	C:\WINDOWS\System32\ucrtbase.dll
0x00007fff191c0000 - 0x00007fff191db000 	C:\Program Files\Java\jdk-17\bin\VCRUNTIME140.dll
0x00007fff182e0000 - 0x00007fff182f9000 	C:\Program Files\Java\jdk-17\bin\jli.dll
0x00007fff30fc0000 - 0x00007fff31071000 	C:\WINDOWS\System32\ADVAPI32.dll
0x00007fff30e00000 - 0x00007fff30ea7000 	C:\WINDOWS\System32\msvcrt.dll
0x00007fff30f10000 - 0x00007fff30fb8000 	C:\WINDOWS\System32\sechost.dll
0x00007fff2ee40000 - 0x00007fff2ee68000 	C:\WINDOWS\System32\bcrypt.dll
0x00007fff30bc0000 - 0x00007fff30cd4000 	C:\WINDOWS\System32\RPCRT4.dll
0x00007fff309e0000 - 0x00007fff30b91000 	C:\WINDOWS\System32\USER32.dll
0x00007fff2e6c0000 - 0x00007fff2e6e6000 	C:\WINDOWS\System32\win32u.dll
0x00007fff30d00000 - 0x00007fff30d29000 	C:\WINDOWS\System32\GDI32.dll
0x00007fff2eaa0000 - 0x00007fff2ebbb000 	C:\WINDOWS\System32\gdi32full.dll
0x00007fff2e810000 - 0x00007fff2e8aa000 	C:\WINDOWS\System32\msvcp_win.dll
0x00007fff10960000 - 0x00007fff10bf8000 	C:\WINDOWS\WinSxS\amd64_microsoft.windows.common-controls_6595b64144ccf1df_6.0.22621.5124_none_270e8f4f7386d69d\COMCTL32.dll
0x00007fff26580000 - 0x00007fff2658a000 	C:\WINDOWS\SYSTEM32\VERSION.dll
0x00007fff2eef0000 - 0x00007fff2ef21000 	C:\WINDOWS\System32\IMM32.DLL
0x00007fff1e000000 - 0x00007fff1e00c000 	C:\Program Files\Java\jdk-17\bin\vcruntime140_1.dll
0x00007ffed38d0000 - 0x00007ffed395e000 	C:\Program Files\Java\jdk-17\bin\msvcp140.dll
0x00007ffec8320000 - 0x00007ffec8f00000 	C:\Program Files\Java\jdk-17\bin\server\jvm.dll
0x00007fff2ef30000 - 0x00007fff2ef38000 	C:\WINDOWS\System32\PSAPI.DLL
0x00007fff07d60000 - 0x00007fff07d69000 	C:\WINDOWS\SYSTEM32\WSOCK32.dll
0x00007fff25620000 - 0x00007fff25654000 	C:\WINDOWS\SYSTEM32\WINMM.dll
0x00007fff2ee70000 - 0x00007fff2eee1000 	C:\WINDOWS\System32\WS2_32.dll
0x00007fff2d2e0000 - 0x00007fff2d2f8000 	C:\WINDOWS\SYSTEM32\kernel.appcore.dll
0x00007fff1ab50000 - 0x00007fff1ab5a000 	C:\Program Files\Java\jdk-17\bin\jimage.dll
0x00007fff2be80000 - 0x00007fff2c0b2000 	C:\WINDOWS\SYSTEM32\DBGHELP.DLL
0x00007fff2f100000 - 0x00007fff2f492000 	C:\WINDOWS\System32\combase.dll
0x00007fff2ffd0000 - 0x00007fff300a7000 	C:\WINDOWS\System32\OLEAUT32.dll
0x00007fff17690000 - 0x00007fff176c2000 	C:\WINDOWS\SYSTEM32\dbgcore.DLL
0x00007fff2ebc0000 - 0x00007fff2ec3b000 	C:\WINDOWS\System32\bcryptPrimitives.dll
0x00007fff1a820000 - 0x00007fff1a82e000 	C:\Program Files\Java\jdk-17\bin\instrument.dll
0x00007ffef54c0000 - 0x00007ffef54e5000 	C:\Program Files\Java\jdk-17\bin\java.dll
0x00007ffed37f0000 - 0x00007ffed38c7000 	C:\Program Files\Java\jdk-17\bin\jsvml.dll
0x00007fff2f4a0000 - 0x00007fff2fd36000 	C:\WINDOWS\System32\SHELL32.dll
0x00007fff2ed00000 - 0x00007fff2ee3f000 	C:\WINDOWS\System32\wintypes.dll
0x00007fff2c1b0000 - 0x00007fff2caca000 	C:\WINDOWS\SYSTEM32\windows.storage.dll
0x00007fff31080000 - 0x00007fff3118a000 	C:\WINDOWS\System32\SHCORE.dll
0x00007fff30d90000 - 0x00007fff30df3000 	C:\WINDOWS\System32\shlwapi.dll
0x00007fff2e210000 - 0x00007fff2e23b000 	C:\WINDOWS\SYSTEM32\profapi.dll
0x00007fff09d80000 - 0x00007fff09d98000 	C:\Program Files\Java\jdk-17\bin\zip.dll
0x00007ffefcaf0000 - 0x00007ffefcb09000 	C:\Program Files\Java\jdk-17\bin\net.dll
0x00007fff27e80000 - 0x00007fff27fac000 	C:\WINDOWS\SYSTEM32\WINHTTP.dll
0x00007fff2d750000 - 0x00007fff2d7ba000 	C:\WINDOWS\system32\mswsock.dll
0x00007ffefbb10000 - 0x00007ffefbb26000 	C:\Program Files\Java\jdk-17\bin\nio.dll
0x00007fff17990000 - 0x00007fff179a0000 	C:\Program Files\Java\jdk-17\bin\verify.dll
0x00007ffef9380000 - 0x00007ffef93a7000 	C:\Users\ardil\.gradle\native\c067742578af261105cb4f569cf0c3c89f3d7b1fecec35dd04571415982c5e48\windows-amd64\native-platform.dll
0x00007ffed36a0000 - 0x00007ffed37e4000 	C:\Users\ardil\.gradle\native\100fb08df4bc3b14c8652ba06237920a3bd2aa13389f12d3474272988ae205f9\windows-amd64\native-platform-file-events.dll
0x00007fff17250000 - 0x00007fff1725a000 	C:\Program Files\Java\jdk-17\bin\management.dll
0x00007fff16f70000 - 0x00007fff16f7b000 	C:\Program Files\Java\jdk-17\bin\management_ext.dll
0x00007fff2d9d0000 - 0x00007fff2d9eb000 	C:\WINDOWS\SYSTEM32\CRYPTSP.dll
0x00007fff2d230000 - 0x00007fff2d267000 	C:\WINDOWS\system32\rsaenh.dll
0x00007fff2d820000 - 0x00007fff2d848000 	C:\WINDOWS\SYSTEM32\USERENV.dll
0x00007fff2d9c0000 - 0x00007fff2d9cc000 	C:\WINDOWS\SYSTEM32\CRYPTBASE.dll
0x00007fff2cd20000 - 0x00007fff2cd4d000 	C:\WINDOWS\SYSTEM32\IPHLPAPI.DLL
0x00007fff30130000 - 0x00007fff30139000 	C:\WINDOWS\System32\NSI.dll
0x00007fff265b0000 - 0x00007fff265c9000 	C:\WINDOWS\SYSTEM32\dhcpcsvc6.DLL
0x00007fff26590000 - 0x00007fff265af000 	C:\WINDOWS\SYSTEM32\dhcpcsvc.DLL
0x00007fff2cd50000 - 0x00007fff2ce52000 	C:\WINDOWS\SYSTEM32\DNSAPI.dll
0x00007fff14880000 - 0x00007fff1488e000 	C:\Program Files\Java\jdk-17\bin\sunmscapi.dll
0x00007fff2e8b0000 - 0x00007fff2ea17000 	C:\WINDOWS\System32\CRYPT32.dll
0x00007fff2dba0000 - 0x00007fff2dbcd000 	C:\WINDOWS\SYSTEM32\ncrypt.dll
0x00007fff2db60000 - 0x00007fff2db97000 	C:\WINDOWS\SYSTEM32\NTASN1.dll
0x00007fff1e2b0000 - 0x00007fff1e2b8000 	C:\WINDOWS\system32\wshunix.dll
0x00007fff0d600000 - 0x00007fff0d617000 	C:\WINDOWS\system32\napinsp.dll
0x00007fff0bc00000 - 0x00007fff0bc1b000 	C:\WINDOWS\system32\pnrpnsp.dll
0x00007fff0bbe0000 - 0x00007fff0bbf1000 	C:\WINDOWS\System32\winrnr.dll
0x00007fff24ed0000 - 0x00007fff24ee5000 	C:\WINDOWS\system32\wshbth.dll
0x00007fff0bbb0000 - 0x00007fff0bbd7000 	C:\WINDOWS\system32\nlansp_c.dll
0x00007fff28410000 - 0x00007fff2841a000 	C:\Windows\System32\rasadhlp.dll
0x00007fff24a50000 - 0x00007fff24ad3000 	C:\WINDOWS\System32\fwpuclnt.dll
0x00007fff29fc0000 - 0x00007fff2a057000 	C:\WINDOWS\system32\apphelp.dll

dbghelp: loaded successfully - version: 4.0.5 - missing functions: none
symbol engine: initialized successfully - sym options: 0x614 - pdb path: .;C:\Program Files\Java\jdk-17\bin;C:\WINDOWS\SYSTEM32;C:\WINDOWS\WinSxS\amd64_microsoft.windows.common-controls_6595b64144ccf1df_6.0.22621.5124_none_270e8f4f7386d69d;C:\Program Files\Java\jdk-17\bin\server;C:\Users\ardil\.gradle\native\c067742578af261105cb4f569cf0c3c89f3d7b1fecec35dd04571415982c5e48\windows-amd64;C:\Users\ardil\.gradle\native\100fb08df4bc3b14c8652ba06237920a3bd2aa13389f12d3474272988ae205f9\windows-amd64

VM Arguments:
jvm_args: -XX:MaxMetaspaceSize=512m --add-opens=java.base/java.util=ALL-UNNAMED --add-opens=java.base/java.lang=ALL-UNNAMED --add-opens=java.base/java.lang.invoke=ALL-UNNAMED --add-opens=java.prefs/java.util.prefs=ALL-UNNAMED --add-exports=jdk.compiler/com.sun.tools.javac.api=ALL-UNNAMED --add-exports=jdk.compiler/com.sun.tools.javac.util=ALL-UNNAMED --add-opens=java.base/java.nio.charset=ALL-UNNAMED --add-opens=java.base/java.net=ALL-UNNAMED --add-opens=java.base/java.util.concurrent.atomic=ALL-UNNAMED -Xmx2048m -Dfile.encoding=utf8 -Duser.country=CO -Duser.language=es -Duser.variant -javaagent:C:\Users\ardil\.gradle\wrapper\dists\gradle-8.10.2-all\7iv73wktx1xtkvlq19urqw1wm\gradle-8.10.2\lib\agents\gradle-instrumentation-agent-8.10.2.jar 
java_command: org.gradle.launcher.daemon.bootstrap.GradleDaemon 8.10.2
java_class_path (initial): C:\Users\ardil\.gradle\wrapper\dists\gradle-8.10.2-all\7iv73wktx1xtkvlq19urqw1wm\gradle-8.10.2\lib\gradle-daemon-main-8.10.2.jar
Launcher Type: SUN_STANDARD

[Global flags]
     intx CICompilerCount                          = 3                                         {product} {ergonomic}
   size_t CompressedClassSpaceSize                 = 436207616                                 {product} {ergonomic}
     uint ConcGCThreads                            = 1                                         {product} {ergonomic}
     uint G1ConcRefinementThreads                  = 4                                         {product} {ergonomic}
   size_t G1HeapRegionSize                         = 1048576                                   {product} {ergonomic}
    uintx GCDrainStackTargetSize                   = 64                                        {product} {ergonomic}
   size_t InitialHeapSize                          = 130023424                                 {product} {ergonomic}
   size_t MarkStackSize                            = 4194304                                   {product} {ergonomic}
   size_t MaxHeapSize                              = 2147483648                                {product} {command line}
   size_t MaxMetaspaceSize                         = 536870912                                 {product} {command line}
   size_t MaxNewSize                               = 1287651328                                {product} {ergonomic}
   size_t MinHeapDeltaBytes                        = 1048576                                   {product} {ergonomic}
   size_t MinHeapSize                              = 8388608                                   {product} {ergonomic}
    uintx NonNMethodCodeHeapSize                   = 5832780                                {pd product} {ergonomic}
    uintx NonProfiledCodeHeapSize                  = 122912730                              {pd product} {ergonomic}
    uintx ProfiledCodeHeapSize                     = 122912730                              {pd product} {ergonomic}
    uintx ReservedCodeCacheSize                    = 251658240                              {pd product} {ergonomic}
     bool SegmentedCodeCache                       = true                                      {product} {ergonomic}
   size_t SoftMaxHeapSize                          = 2147483648                             {manageable} {ergonomic}
     bool UseCompressedClassPointers               = true                           {product lp64_product} {ergonomic}
     bool UseCompressedOops                        = true                           {product lp64_product} {ergonomic}
     bool UseG1GC                                  = true                                      {product} {ergonomic}
     bool UseLargePagesIndividualAllocation        = false                                  {pd product} {ergonomic}

Logging:
Log output configuration:
 #0: stdout all=warning uptime,level,tags
 #1: stderr all=off uptime,level,tags

Environment Variables:
JAVA_HOME=C:\Program Files\Java\jdk-17
PATH=C:\app\ardil\product\21c\dbhomeXE\bin;C:\Program Files\Common Files\Oracle\Java\javapath;C:\Program Files (x86)\Common Files\Oracle\Java\java8path;C:\Program Files (x86)\Common Files\Oracle\Java\javapath;C:\Users\ardil\Scripts\;C:\Users\ardil\;C:\Program Files\Java\jdk-17\bin;C:\WINDOWS\system32;C:\WINDOWS;C:\WINDOWS\System32\Wbem;C:\WINDOWS\System32\WindowsPowerShell\v1.0\;C:\WINDOWS\System32\OpenSSH\;C:\xampp\php;C:\ProgramData\chocolatey\bin;C:\TDM-GCC-64\bin;C:\Users\ardil\OneDrive\Escritorio\tutoriales de paginas en youtube;C:\xampp\php\PEAR;C:\Users\ardil\cockroach-v24.1.3.windows-6.2-amd64;C:\Program Files (x86)\ZeroTier\One\;C:\Program Files\nodejs\;C:\Program Files\Git\cmd;C:\Program Files\PowerShell\7\;C:\Program Files\RedHat\Podman\;C:\Users\ardil\.console-ninja\.bin;C:\Users\ardil\.cargo\bin;C:\Users\ardil\AppData\Local\Microsoft\WindowsApps;C:\Users\ardil\AppData\Local\Programs\Microsoft VS Code\bin;C:\Program Files\JetBrains\PyCharm Community Edition 2023.1.2\bin;;C:\Program Files\JetBrains\PyCharm 2023.3.3\bin;;C:\flutter\bin;C:\Users\ardil\Python312;C:\xampp\php\PEAR;C:\xampp\php;C:\Users\ardil\AppData\Local\GitHubDesktop\bin;C:\Program Files (x86)\Nmap;C:\Program Files\MongoDB\Server\8.0\bin;C:\Program Files\MongoDB\mongosh-2.3.2-win32-x64\bin;C:\Users\ardil\AppData\Roaming\npm
USERNAME=ardil
OS=Windows_NT
PROCESSOR_IDENTIFIER=Intel64 Family 6 Model 140 Stepping 1, GenuineIntel



---------------  S Y S T E M  ---------------

OS:
 Windows 11 , 64 bit Build 22621 (10.0.22621.5124)
OS uptime: 5 days 10:01 hours
Hyper-V role detected

CPU: total 4 (initial active 4) (2 cores per cpu, 2 threads per core) family 6 model 140 stepping 1 microcode 0x9a, cx8, cmov, fxsr, ht, mmx, 3dnowpref, sse, sse2, sse3, ssse3, sse4.1, sse4.2, popcnt, lzcnt, tsc, tscinvbit, avx, avx2, aes, erms, clmul, bmi1, bmi2, adx, avx512f, avx512dq, avx512cd, avx512bw, avx512vl, sha, fma, vzeroupper, avx512_vpopcntdq, avx512_vpclmulqdq, avx512_vaes, avx512_vnni, clflush, clflushopt, clwb, avx512_vbmi2, avx512_vbmi, hv

Memory: 4k page, system-wide physical 7886M (214M free)
TotalPageFile size 16078M (AvailPageFile size 413M)
current process WorkingSet (physical memory assigned to process): 457M, peak: 470M
current process commit charge ("private bytes"): 569M, peak: 991M

vm_info: Java HotSpot(TM) 64-Bit Server VM (17.0.12+8-LTS-286) for windows-amd64 JRE (17.0.12+8-LTS-286), built on Jun  5 2024 06:46:59 by "mach5one" with MS VC++ 17.6 (VS2022)

END.
