#
# There is insufficient memory for the Java Runtime Environment to continue.
# Native memory allocation (mmap) failed to map 67108864 bytes for G1 virtual space
# Possible reasons:
#   The system is out of physical RAM or swap space
#   The process is running with CompressedOops enabled, and the Java Heap may be blocking the growth of the native heap
# Possible solutions:
#   Reduce memory load on the system
#   Increase physical memory or swap space
#   Check if swap backing store is full
#   Decrease Java heap size (-Xmx/-Xms)
#   Decrease number of Java threads
#   Decrease Java thread stack sizes (-Xss)
#   Set larger code cache with -XX:ReservedCodeCacheSize=
#   JVM is running with Unscaled Compressed Oops mode in which the Java heap is
#     placed in the first 4GB address space. The Java Heap base address is the
#     maximum limit for the native heap growth. Please use -XX:HeapBaseMinAddress
#     to set the Java Heap base and to place the Java Heap above 4GB virtual address.
# This output file may be truncated or incomplete.
#
#  Out of Memory Error (os_windows.cpp:3548), pid=10132, tid=36408
#
# JRE version:  (17.0.12+8) (build )
# Java VM: Java HotSpot(TM) 64-Bit Server VM (17.0.12+8-LTS-286, mixed mode, sharing, tiered, compressed oops, compressed class ptrs, g1 gc, windows-amd64)
# No core dump will be written. Minidumps are not enabled by default on client versions of Windows
#

---------------  S U M M A R Y ------------

Command Line: -Xmx64m -Xms64m -Dorg.gradle.appname=gradlew org.gradle.wrapper.GradleWrapperMain app:installDebug -PreactNativeDevServerPort=8081

Host: Intel(R) Pentium(R) Gold 7505 @ 2.00GHz, 4 cores, 7G,  Windows 11 , 64 bit Build 22621 (10.0.22621.4830)
Time: Sat Feb 22 22:08:09 2025 Hora est. Pacífico, Sudamérica elapsed time: 0.420022 seconds (0d 0h 0m 0s)

---------------  T H R E A D  ---------------

Current thread (0x000001b8c39a7a30):  JavaThread "Unknown thread" [_thread_in_vm, id=36408, stack(0x000000129e200000,0x000000129e300000)]

Stack: [0x000000129e200000,0x000000129e300000]
Native frames: (J=compiled Java code, j=interpreted, Vv=VM code, C=native code)
V  [jvm.dll+0x67a04a]
V  [jvm.dll+0x7da4ed]
V  [jvm.dll+0x7dbe33]
V  [jvm.dll+0x7dc4a3]
V  [jvm.dll+0x24508f]
V  [jvm.dll+0x677089]
V  [jvm.dll+0x66bd32]
V  [jvm.dll+0x301fa6]
V  [jvm.dll+0x309546]
V  [jvm.dll+0x359d2e]
V  [jvm.dll+0x359f5f]
V  [jvm.dll+0x2d9078]
V  [jvm.dll+0x2d9fe4]
V  [jvm.dll+0x7aca21]
V  [jvm.dll+0x367591]
V  [jvm.dll+0x78b999]
V  [jvm.dll+0x3ec83f]
V  [jvm.dll+0x3ee471]
C  [jli.dll+0x5297]
C  [ucrtbase.dll+0x29333]
C  [KERNEL32.DLL+0x1259d]
C  [ntdll.dll+0x5af38]


---------------  P R O C E S S  ---------------

Threads class SMR info:
_java_thread_list=0x00007ffc189d7a18, length=0, elements={
}

Java Threads: ( => current thread )

Other Threads:
  0x000001b8c39c6570 GCTaskThread "GC Thread#0" [stack: 0x000000129e300000,0x000000129e400000] [id=24800]
  0x000001b8c39c7cc0 ConcurrentGCThread "G1 Main Marker" [stack: 0x000000129e400000,0x000000129e500000] [id=3832]
  0x000001b8c39c86d0 ConcurrentGCThread "G1 Conc#0" [stack: 0x000000129e500000,0x000000129e600000] [id=37296]

[error occurred during error reporting (printing all threads), id 0xc0000005, EXCEPTION_ACCESS_VIOLATION (0xc0000005) at pc=0x00007ffc18209b67]

VM state: not at safepoint (not fully initialized)

VM Mutex/Monitor currently owned by a thread:  ([mutex/lock_event])
[0x000001b8c39a28e0] Heap_lock - owner thread: 0x000001b8c39a7a30

Heap address: 0x00000000fc000000, size: 64 MB, Compressed Oops mode: 32-bit

CDS archive(s) mapped at: [0x0000000000000000-0x0000000000000000-0x0000000000000000), size 0, SharedBaseAddress: 0x0000000800000000, ArchiveRelocationMode: 1.
Narrow klass base: 0x0000000000000000, Narrow klass shift: 0, Narrow klass range: 0x0

GC Precious Log:
<Empty>

Heap:
 garbage-first heap   total 0K, used 0K [0x00000000fc000000, 0x0000000100000000)
  region size 1024K, 0 young (0K), 0 survivors (0K)

[error occurred during error reporting (printing heap information), id 0xc0000005, EXCEPTION_ACCESS_VIOLATION (0xc0000005) at pc=0x00007ffc185f3859]

GC Heap History (0 events):
No events

Deoptimization events (0 events):
No events

Classes unloaded (0 events):
No events

Classes redefined (0 events):
No events

Internal exceptions (0 events):
No events

VM Operations (0 events):
No events

Events (1 events):
Event: 0.017 Loaded shared library C:\Program Files\Java\jdk-17\bin\java.dll


Dynamic libraries:
0x00007ff7118f0000 - 0x00007ff711900000 	C:\Program Files\Java\jdk-17\bin\java.exe
0x00007ffc77510000 - 0x00007ffc77727000 	C:\WINDOWS\SYSTEM32\ntdll.dll
0x00007ffc761f0000 - 0x00007ffc762b4000 	C:\WINDOWS\System32\KERNEL32.DLL
0x00007ffc747f0000 - 0x00007ffc74bc0000 	C:\WINDOWS\System32\KERNELBASE.dll
0x00007ffc74fc0000 - 0x00007ffc750d1000 	C:\WINDOWS\System32\ucrtbase.dll
0x00007ffc5c7d0000 - 0x00007ffc5c7e9000 	C:\Program Files\Java\jdk-17\bin\jli.dll
0x00007ffc77360000 - 0x00007ffc77411000 	C:\WINDOWS\System32\ADVAPI32.dll
0x00007ffc77420000 - 0x00007ffc774c7000 	C:\WINDOWS\System32\msvcrt.dll
0x00007ffc75d80000 - 0x00007ffc75e27000 	C:\WINDOWS\System32\sechost.dll
0x00007ffc747c0000 - 0x00007ffc747e8000 	C:\WINDOWS\System32\bcrypt.dll
0x00007ffc762c0000 - 0x00007ffc763d4000 	C:\WINDOWS\System32\RPCRT4.dll
0x00007ffc75e70000 - 0x00007ffc7601e000 	C:\WINDOWS\System32\USER32.dll
0x00007ffc74bc0000 - 0x00007ffc74be6000 	C:\WINDOWS\System32\win32u.dll
0x00007ffc75710000 - 0x00007ffc75739000 	C:\WINDOWS\System32\GDI32.dll
0x00007ffc750e0000 - 0x00007ffc751fb000 	C:\WINDOWS\System32\gdi32full.dll
0x00007ffc74cb0000 - 0x00007ffc74d4a000 	C:\WINDOWS\System32\msvcp_win.dll
0x00007ffc5b5f0000 - 0x00007ffc5b60b000 	C:\Program Files\Java\jdk-17\bin\VCRUNTIME140.dll
0x00007ffc599f0000 - 0x00007ffc59c82000 	C:\WINDOWS\WinSxS\amd64_microsoft.windows.common-controls_6595b64144ccf1df_6.0.22621.4830_none_270fe7d773858e80\COMCTL32.dll
0x00007ffc6e710000 - 0x00007ffc6e71a000 	C:\WINDOWS\SYSTEM32\VERSION.dll
0x00007ffc75e30000 - 0x00007ffc75e61000 	C:\WINDOWS\System32\IMM32.DLL
0x00007ffc71660000 - 0x00007ffc7166c000 	C:\Program Files\Java\jdk-17\bin\vcruntime140_1.dll
0x00007ffc2d230000 - 0x00007ffc2d2be000 	C:\Program Files\Java\jdk-17\bin\msvcp140.dll
0x00007ffc17f20000 - 0x00007ffc18b00000 	C:\Program Files\Java\jdk-17\bin\server\jvm.dll
0x00007ffc77280000 - 0x00007ffc77288000 	C:\WINDOWS\System32\PSAPI.DLL
0x00007ffc4db60000 - 0x00007ffc4db69000 	C:\WINDOWS\SYSTEM32\WSOCK32.dll
0x00007ffc75740000 - 0x00007ffc757b1000 	C:\WINDOWS\System32\WS2_32.dll
0x00007ffc6e990000 - 0x00007ffc6e9c4000 	C:\WINDOWS\SYSTEM32\WINMM.dll
0x00007ffc73800000 - 0x00007ffc73818000 	C:\WINDOWS\SYSTEM32\kernel.appcore.dll
0x00007ffc6eb60000 - 0x00007ffc6eb6a000 	C:\Program Files\Java\jdk-17\bin\jimage.dll
0x00007ffc722d0000 - 0x00007ffc72502000 	C:\WINDOWS\SYSTEM32\DBGHELP.DLL
0x00007ffc75200000 - 0x00007ffc75590000 	C:\WINDOWS\System32\combase.dll
0x00007ffc763e0000 - 0x00007ffc764b7000 	C:\WINDOWS\System32\OLEAUT32.dll
0x00007ffc62b00000 - 0x00007ffc62b32000 	C:\WINDOWS\SYSTEM32\dbgcore.DLL
0x00007ffc74d50000 - 0x00007ffc74dcb000 	C:\WINDOWS\System32\bcryptPrimitives.dll
0x00007ffc50f00000 - 0x00007ffc50f25000 	C:\Program Files\Java\jdk-17\bin\java.dll

dbghelp: loaded successfully - version: 4.0.5 - missing functions: none
symbol engine: initialized successfully - sym options: 0x614 - pdb path: .;C:\Program Files\Java\jdk-17\bin;C:\WINDOWS\SYSTEM32;C:\WINDOWS\WinSxS\amd64_microsoft.windows.common-controls_6595b64144ccf1df_6.0.22621.4830_none_270fe7d773858e80;C:\Program Files\Java\jdk-17\bin\server

VM Arguments:
jvm_args: -Xmx64m -Xms64m -Dorg.gradle.appname=gradlew 
java_command: org.gradle.wrapper.GradleWrapperMain app:installDebug -PreactNativeDevServerPort=8081
java_class_path (initial): C:\Users\ardil\OneDrive\Escritorio\tutoriales de paginas en youtube\reac-native\project\android\\gradle\wrapper\gradle-wrapper.jar
Launcher Type: SUN_STANDARD

[Global flags]
     intx CICompilerCount                          = 3                                         {product} {ergonomic}
     uint ConcGCThreads                            = 1                                         {product} {ergonomic}
     uint G1ConcRefinementThreads                  = 4                                         {product} {ergonomic}
   size_t G1HeapRegionSize                         = 1048576                                   {product} {ergonomic}
    uintx GCDrainStackTargetSize                   = 64                                        {product} {ergonomic}
   size_t InitialHeapSize                          = 67108864                                  {product} {command line}
   size_t MarkStackSize                            = 4194304                                   {product} {ergonomic}
   size_t MaxHeapSize                              = 67108864                                  {product} {command line}
   size_t MinHeapDeltaBytes                        = 1048576                                   {product} {ergonomic}
   size_t MinHeapSize                              = 67108864                                  {product} {command line}
    uintx NonNMethodCodeHeapSize                   = 5832780                                {pd product} {ergonomic}
    uintx NonProfiledCodeHeapSize                  = 122912730                              {pd product} {ergonomic}
    uintx ProfiledCodeHeapSize                     = 122912730                              {pd product} {ergonomic}
    uintx ReservedCodeCacheSize                    = 251658240                              {pd product} {ergonomic}
     bool SegmentedCodeCache                       = true                                      {product} {ergonomic}
   size_t SoftMaxHeapSize                          = 67108864                               {manageable} {ergonomic}
     bool UseCompressedClassPointers               = true                           {product lp64_product} {ergonomic}
     bool UseCompressedOops                        = true                           {product lp64_product} {ergonomic}
     bool UseG1GC                                  = true                                      {product} {ergonomic}
     bool UseLargePagesIndividualAllocation        = false                                  {pd product} {ergonomic}

Logging:
Log output configuration:
 #0: stdout all=warning uptime,level,tags
 #1: stderr all=off uptime,level,tags

Environment Variables:
JAVA_HOME=C:\Program Files\Java\jdk-17
CLASSPATH=C:\Users\ardil\OneDrive\Escritorio\tutoriales de paginas en youtube\reac-native\project\android\\gradle\wrapper\gradle-wrapper.jar
PATH=C:\Users\ardil\OneDrive\Escritorio\tutoriales de paginas en youtube\reac-native\project\node_modules\.bin;C:\Users\ardil\OneDrive\Escritorio\tutoriales de paginas en youtube\reac-native\project\node_modules\.bin;C:\Users\ardil\OneDrive\Escritorio\tutoriales de paginas en youtube\reac-native\node_modules\.bin;C:\Users\ardil\OneDrive\Escritorio\tutoriales de paginas en youtube\node_modules\.bin;C:\Users\ardil\OneDrive\Escritorio\node_modules\.bin;C:\Users\ardil\OneDrive\node_modules\.bin;C:\Users\ardil\node_modules\.bin;C:\Users\node_modules\.bin;C:\node_modules\.bin;C:\Users\ardil\AppData\Roaming\npm\node_modules\npm\node_modules\@npmcli\run-script\lib\node-gyp-bin;C:\app\ardil\product\21c\dbhomeXE\bin;C:\Program Files\Common Files\Oracle\Java\javapath;C:\Program Files (x86)\Common Files\Oracle\Java\java8path;C:\Program Files (x86)\Common Files\Oracle\Java\javapath;C:\Users\ardil\Scripts\;C:\Users\ardil\;C:\Program Files\Java\jdk-17\bin;C:\WINDOWS\system32;C:\WINDOWS;C:\WINDOWS\System32\Wbem;C:\WINDOWS\System32\WindowsPowerShell\v1.0\;C:\WINDOWS\System32\OpenSSH\;C:\xampp\php;C:\ProgramData\chocolatey\bin;C:\TDM-GCC-64\bin;C:\Users\ardil\OneDrive\Escritorio\tutoriales de paginas en youtube;C:\xampp\php\PEAR;C:\Users\ardil\cockroach-v24.1.3.windows-6.2-amd64;C:\Program Files (x86)\ZeroTier\One\;C:\Program Files\PowerShell\7\;C:\Program Files\nodejs\;C:\Program Files\Git\cmd;C:\Users\ardil\.cargo\bin;C:\Users\ardil\AppData\Local\Microsoft\WindowsApps;C:\Users\ardil\AppData\Local\Programs\Microsoft VS Code\bin;C:\Program Files\JetBrains\PyCharm Community Edition 2023.1.2\bin;;C:\Program Files\JetBrains\PyCharm 2023.3.3\bin;;C:\flutter\bin;C:\Users\ardil\Python312;C:\xampp\php\PEAR;C:\xampp\php;C:\Users\ardil\AppData\Local\GitHubDesktop\bin;C:\Program Files (x86)\Nmap;C:\Program Files\MongoDB\Server\8.0\bin;C:\Program Files\MongoDB\mongosh-2.3.2-win32-x64\bin;C:\Users\ardil\AppData\Roaming\npm
USERNAME=ardil
LANG=es_ES.UTF-8
OS=Windows_NT
PROCESSOR_IDENTIFIER=Intel64 Family 6 Model 140 Stepping 1, GenuineIntel



---------------  S Y S T E M  ---------------

OS:
 Windows 11 , 64 bit Build 22621 (10.0.22621.4830)
OS uptime: 7 days 4:11 hours

CPU: total 4 (initial active 4) (2 cores per cpu, 2 threads per core) family 6 model 140 stepping 1 microcode 0x9a, cx8, cmov, fxsr, ht, mmx, 3dnowpref, sse, sse2, sse3, ssse3, sse4.1, sse4.2, popcnt, lzcnt, tsc, tscinvbit, avx, avx2, aes, erms, clmul, bmi1, bmi2, adx, avx512f, avx512dq, avx512cd, avx512bw, avx512vl, sha, fma, vzeroupper, avx512_vpopcntdq, avx512_vpclmulqdq, avx512_vaes, avx512_vnni, clflush, clflushopt, clwb, avx512_vbmi2, avx512_vbmi

Memory: 4k page, system-wide physical 7886M (563M free)
TotalPageFile size 16078M (AvailPageFile size 1M)
current process WorkingSet (physical memory assigned to process): 11M, peak: 11M
current process commit charge ("private bytes"): 51M, peak: 115M

vm_info: Java HotSpot(TM) 64-Bit Server VM (17.0.12+8-LTS-286) for windows-amd64 JRE (17.0.12+8-LTS-286), built on Jun  5 2024 06:46:59 by "mach5one" with MS VC++ 17.6 (VS2022)

END.
